<?xml version="1.0" encoding="UTF-8"?>
<robot generator="Robot 4.1.1 (Python 3.10.0 on darwin)" generated="20211013 16:57:53.974" rpa="false" schemaversion="2">
<suite id="s1" name="SearchSkillAcademy" source="/Users/hf/Downloads/web-automation-test-using-robot-main/Tests/SearchSkillAcademy.robot">
<test id="s1-t1" name="TC001 Search With Input Keyword">
<kw name="Start Testing" library="CommonKeywords" type="SETUP">
<arg>${URL}</arg>
<kw name="Open Web" library="CommonKeywords">
<arg>${URL}</arg>
<kw name="Convert To Lower Case" library="String">
<var>${BROWSER}</var>
<arg>${BROWSER}</arg>
<doc>Converts string to lower case.</doc>
<msg timestamp="20211013 16:57:54.091" level="INFO">${BROWSER} = chrome</msg>
<status status="PASS" starttime="20211013 16:57:54.090" endtime="20211013 16:57:54.091"/>
</kw>
<kw name="Open Normal Browser" library="Browser">
<arg>${URL}</arg>
<kw name="Open Browser" library="SeleniumLibrary">
<arg>${URL_BLANK}</arg>
<arg>${BROWSER}</arg>
<doc>Opens a new browser instance to the optional ``url``.</doc>
<msg timestamp="20211013 16:57:54.092" level="INFO">Opening browser 'chrome' to base url 'about:blank'.</msg>
<status status="PASS" starttime="20211013 16:57:54.091" endtime="20211013 16:57:57.742"/>
</kw>
<kw name="Maximize Browser Window" library="SeleniumLibrary">
<doc>Maximizes current browser window.</doc>
<status status="PASS" starttime="20211013 16:57:57.743" endtime="20211013 16:57:57.875"/>
</kw>
<kw name="Go To" library="SeleniumLibrary">
<arg>${URL}</arg>
<doc>Navigates the current browser window to the provided ``url``.</doc>
<msg timestamp="20211013 16:57:57.875" level="INFO">Opening url 'https://skillacademy.com/'</msg>
<status status="PASS" starttime="20211013 16:57:57.875" endtime="20211013 16:58:13.463"/>
</kw>
<status status="PASS" starttime="20211013 16:57:54.091" endtime="20211013 16:58:13.463"/>
</kw>
<status status="PASS" starttime="20211013 16:57:54.090" endtime="20211013 16:58:13.463"/>
</kw>
<kw name="Set Selenium Timeout" library="SeleniumLibrary">
<arg>${DEFAULT_TIMEOUT}</arg>
<doc>Sets the timeout that is used by various keywords.</doc>
<status status="PASS" starttime="20211013 16:58:13.463" endtime="20211013 16:58:13.464"/>
</kw>
<kw name="Set Selenium Speed" library="SeleniumLibrary">
<arg>${DELAY}</arg>
<doc>Sets the delay that is waited after each Selenium command.</doc>
<status status="PASS" starttime="20211013 16:58:13.464" endtime="20211013 16:58:13.464"/>
</kw>
<status status="PASS" starttime="20211013 16:57:54.090" endtime="20211013 16:58:13.464"/>
</kw>
<kw name="Verify Homepage Opened" library="Homepage">
<kw name="Wait Until Element Is Visible" library="SeleniumLibrary">
<arg>${field_img_logo_skill_academy_homepage}</arg>
<doc>Waits until the element ``locator`` is visible.</doc>
<status status="PASS" starttime="20211013 16:58:13.465" endtime="20211013 16:58:13.973"/>
</kw>
<kw name="Element Should Be Visible" library="SeleniumLibrary">
<arg>${field_img_logo_skill_academy_homepage}</arg>
<doc>Verifies that the element identified by ``locator`` is visible.</doc>
<msg timestamp="20211013 16:58:14.407" level="INFO">Element 'css=img[alt='Skill Academy Logo']' is displayed.</msg>
<status status="PASS" starttime="20211013 16:58:13.973" endtime="20211013 16:58:14.407"/>
</kw>
<kw name="Wait Until Element Is Visible" library="SeleniumLibrary">
<arg>${button_menu_for_enterprise_homepage}</arg>
<doc>Waits until the element ``locator`` is visible.</doc>
<status status="PASS" starttime="20211013 16:58:14.408" endtime="20211013 16:58:14.919"/>
</kw>
<kw name="Element Should Be Visible" library="SeleniumLibrary">
<arg>${button_menu_for_enterprise_homepage}</arg>
<doc>Verifies that the element identified by ``locator`` is visible.</doc>
<msg timestamp="20211013 16:58:15.378" level="INFO">Element 'xpath=//a[@data-testid='header-enterprise-skillacademy-button']/p' is displayed.</msg>
<status status="PASS" starttime="20211013 16:58:14.920" endtime="20211013 16:58:15.378"/>
</kw>
<kw name="Wait Until Element Is Visible" library="SeleniumLibrary">
<arg>${button_menu_kelas_pekerja_homepage}</arg>
<doc>Waits until the element ``locator`` is visible.</doc>
<status status="PASS" starttime="20211013 16:58:15.379" endtime="20211013 16:58:15.841"/>
</kw>
<kw name="Element Should Be Visible" library="SeleniumLibrary">
<arg>${button_menu_kelas_pekerja_homepage}</arg>
<doc>Verifies that the element identified by ``locator`` is visible.</doc>
<msg timestamp="20211013 16:58:16.285" level="INFO">Element 'xpath=//a[@href='/prakerja']/p' is displayed.</msg>
<status status="PASS" starttime="20211013 16:58:15.842" endtime="20211013 16:58:16.286"/>
</kw>
<kw name="Wait Until Element Is Visible" library="SeleniumLibrary">
<arg>${button_menu_dropdown_kategori_homepage}</arg>
<doc>Waits until the element ``locator`` is visible.</doc>
<status status="PASS" starttime="20211013 16:58:16.286" endtime="20211013 16:58:16.748"/>
</kw>
<kw name="Element Should Be Visible" library="SeleniumLibrary">
<arg>${button_menu_dropdown_kategori_homepage}</arg>
<doc>Verifies that the element identified by ``locator`` is visible.</doc>
<msg timestamp="20211013 16:58:17.186" level="INFO">Element 'xpath=//div[@data-testid='dropdown-category']/p' is displayed.</msg>
<status status="PASS" starttime="20211013 16:58:16.749" endtime="20211013 16:58:17.186"/>
</kw>
<kw name="Wait Until Element Is Visible" library="SeleniumLibrary">
<arg>${button_menu_tambah_uang_saku_homepage}</arg>
<doc>Waits until the element ``locator`` is visible.</doc>
<status status="PASS" starttime="20211013 16:58:17.187" endtime="20211013 16:58:17.635"/>
</kw>
<kw name="Element Should Be Visible" library="SeleniumLibrary">
<arg>${button_menu_tambah_uang_saku_homepage}</arg>
<doc>Verifies that the element identified by ``locator`` is visible.</doc>
<msg timestamp="20211013 16:58:18.078" level="INFO">Element 'xpath=//a[@href='/referral/detail?scrollTo=&amp;activeTab=']/p' is displayed.</msg>
<status status="PASS" starttime="20211013 16:58:17.636" endtime="20211013 16:58:18.078"/>
</kw>
<kw name="Wait Until Element Is Visible" library="SeleniumLibrary">
<arg>${field_input_search_homepage}</arg>
<doc>Waits until the element ``locator`` is visible.</doc>
<status status="PASS" starttime="20211013 16:58:18.079" endtime="20211013 16:58:18.597"/>
</kw>
<kw name="Element Should Be Visible" library="SeleniumLibrary">
<arg>${field_input_search_homepage}</arg>
<doc>Verifies that the element identified by ``locator`` is visible.</doc>
<msg timestamp="20211013 16:58:19.084" level="INFO">Element 'xpath=//input[@data-testid='search-input-field']' is displayed.</msg>
<status status="PASS" starttime="20211013 16:58:18.597" endtime="20211013 16:58:19.084"/>
</kw>
<kw name="Wait Until Element Is Visible" library="SeleniumLibrary">
<arg>${field_img_banner_home_homepage}</arg>
<doc>Waits until the element ``locator`` is visible.</doc>
<status status="PASS" starttime="20211013 16:58:19.085" endtime="20211013 16:58:19.539"/>
</kw>
<kw name="Element Should Be Visible" library="SeleniumLibrary">
<arg>${field_img_banner_home_homepage}</arg>
<doc>Verifies that the element identified by ``locator`` is visible.</doc>
<msg timestamp="20211013 16:58:19.979" level="INFO">Element 'css=img[alt='Home Banner Large']' is displayed.</msg>
<status status="PASS" starttime="20211013 16:58:19.540" endtime="20211013 16:58:19.979"/>
</kw>
<status status="PASS" starttime="20211013 16:58:13.465" endtime="20211013 16:58:19.980"/>
</kw>
<kw name="Input 'keyword' in field search" library="Homepage">
<arg>python</arg>
<kw name="Wait Until Element Is Visible" library="SeleniumLibrary">
<arg>${field_input_search_homepage}</arg>
<doc>Waits until the element ``locator`` is visible.</doc>
<status status="PASS" starttime="20211013 16:58:19.983" endtime="20211013 16:58:20.459"/>
</kw>
<kw name="Input Text" library="SeleniumLibrary">
<arg>${field_input_search_homepage}</arg>
<arg>${TEXT_KEYWORD_SEARCH}</arg>
<doc>Types the given ``text`` into the text field identified by ``locator``.</doc>
<msg timestamp="20211013 16:58:20.462" level="INFO">Typing text 'python' into text field 'xpath=//input[@data-testid='search-input-field']'.</msg>
<status status="PASS" starttime="20211013 16:58:20.460" endtime="20211013 16:58:21.729"/>
</kw>
<status status="PASS" starttime="20211013 16:58:19.981" endtime="20211013 16:58:21.729"/>
</kw>
<kw name="Click search icon" library="Homepage">
<kw name="Wait Until Element Is Visible" library="SeleniumLibrary">
<arg>${field_img_icon_search_homepage}</arg>
<doc>Waits until the element ``locator`` is visible.</doc>
<status status="PASS" starttime="20211013 16:58:21.729" endtime="20211013 16:58:22.177"/>
</kw>
<kw name="Click Element" library="SeleniumLibrary">
<arg>${field_img_icon_search_homepage}</arg>
<doc>Click the element identified by ``locator``.</doc>
<msg timestamp="20211013 16:58:22.180" level="INFO">Clicking element 'xpath=//div[@data-testid='search-icon']'.</msg>
<status status="PASS" starttime="20211013 16:58:22.178" endtime="20211013 16:58:24.264"/>
</kw>
<status status="PASS" starttime="20211013 16:58:21.729" endtime="20211013 16:58:24.264"/>
</kw>
<kw name="Validate search result" library="Searchpage">
<kw name="Wait Until Element Is Visible" library="SeleniumLibrary">
<arg>${text_total_result_search_page}</arg>
<doc>Waits until the element ``locator`` is visible.</doc>
<status status="PASS" starttime="20211013 16:58:24.264" endtime="20211013 16:58:25.806"/>
</kw>
<kw name="Element Should Be Visible" library="SeleniumLibrary">
<arg>${text_total_result_search_page}</arg>
<doc>Verifies that the element identified by ``locator`` is visible.</doc>
<msg timestamp="20211013 16:58:26.245" level="INFO">Element 'css=[data-testid='total-result']' is displayed.</msg>
<status status="PASS" starttime="20211013 16:58:25.807" endtime="20211013 16:58:26.245"/>
</kw>
<kw name="Wait Until Element Is Visible" library="SeleniumLibrary">
<arg>${field_filter_by_harga_search_page}</arg>
<doc>Waits until the element ``locator`` is visible.</doc>
<status status="PASS" starttime="20211013 16:58:26.246" endtime="20211013 16:58:26.724"/>
</kw>
<kw name="Element Should Be Visible" library="SeleniumLibrary">
<arg>${field_filter_by_harga_search_page}</arg>
<doc>Verifies that the element identified by ``locator`` is visible.</doc>
<msg timestamp="20211013 16:58:27.163" level="INFO">Element 'xpath=(//div[@data-testid='dropdown-container']//div[.='Harga'])[1]' is displayed.</msg>
<status status="PASS" starttime="20211013 16:58:26.725" endtime="20211013 16:58:27.164"/>
</kw>
<kw name="Wait Until Element Is Visible" library="SeleniumLibrary">
<arg>${field_filter_by_durasi_search_page}</arg>
<doc>Waits until the element ``locator`` is visible.</doc>
<status status="PASS" starttime="20211013 16:58:27.165" endtime="20211013 16:58:27.616"/>
</kw>
<kw name="Element Should Be Visible" library="SeleniumLibrary">
<arg>${field_filter_by_durasi_search_page}</arg>
<doc>Verifies that the element identified by ``locator`` is visible.</doc>
<msg timestamp="20211013 16:58:28.055" level="INFO">Element 'xpath=(//div[@data-testid='dropdown-container']//div[.='Durasi'])[1]' is displayed.</msg>
<status status="PASS" starttime="20211013 16:58:27.616" endtime="20211013 16:58:28.056"/>
</kw>
<kw name="Wait Until Element Is Visible" library="SeleniumLibrary">
<arg>${field_sort_by_search_page}</arg>
<doc>Waits until the element ``locator`` is visible.</doc>
<status status="PASS" starttime="20211013 16:58:28.056" endtime="20211013 16:58:28.529"/>
</kw>
<kw name="Element Should Be Visible" library="SeleniumLibrary">
<arg>${field_sort_by_search_page}</arg>
<doc>Verifies that the element identified by ``locator`` is visible.</doc>
<msg timestamp="20211013 16:58:28.972" level="INFO">Element 'xpath=(//div[@data-testid='dropdown-container']//div[.='Pilih'])[1]' is displayed.</msg>
<status status="PASS" starttime="20211013 16:58:28.530" endtime="20211013 16:58:28.972"/>
</kw>
<status status="PASS" starttime="20211013 16:58:24.264" endtime="20211013 16:58:28.973"/>
</kw>
<kw name="End Testing" library="CommonKeywords" type="TEARDOWN">
<kw name="Close All Browsers" library="SeleniumLibrary">
<doc>Closes all open browsers and resets the browser cache.</doc>
<status status="PASS" starttime="20211013 16:58:28.978" endtime="20211013 16:58:29.248"/>
</kw>
<status status="PASS" starttime="20211013 16:58:28.975" endtime="20211013 16:58:29.248"/>
</kw>
<doc>Search With Input Keyword</doc>
<tag>Regression</tag>
<tag>Smoke</tag>
<timeout value="4 minutes"/>
<status status="PASS" starttime="20211013 16:57:54.090" endtime="20211013 16:58:29.248"/>
</test>
<test id="s1-t2" name="TC002 Search With Result Not Found">
<kw name="Start Testing" library="CommonKeywords" type="SETUP">
<arg>${URL}</arg>
<kw name="Open Web" library="CommonKeywords">
<arg>${URL}</arg>
<kw name="Convert To Lower Case" library="String">
<var>${BROWSER}</var>
<arg>${BROWSER}</arg>
<doc>Converts string to lower case.</doc>
<msg timestamp="20211013 16:58:29.250" level="INFO">${BROWSER} = chrome</msg>
<status status="PASS" starttime="20211013 16:58:29.250" endtime="20211013 16:58:29.250"/>
</kw>
<kw name="Open Normal Browser" library="Browser">
<arg>${URL}</arg>
<kw name="Open Browser" library="SeleniumLibrary">
<arg>${URL_BLANK}</arg>
<arg>${BROWSER}</arg>
<doc>Opens a new browser instance to the optional ``url``.</doc>
<msg timestamp="20211013 16:58:29.251" level="INFO">Opening browser 'chrome' to base url 'about:blank'.</msg>
<status status="PASS" starttime="20211013 16:58:29.251" endtime="20211013 16:58:33.039"/>
</kw>
<kw name="Maximize Browser Window" library="SeleniumLibrary">
<doc>Maximizes current browser window.</doc>
<status status="PASS" starttime="20211013 16:58:33.040" endtime="20211013 16:58:33.396"/>
</kw>
<kw name="Go To" library="SeleniumLibrary">
<arg>${URL}</arg>
<doc>Navigates the current browser window to the provided ``url``.</doc>
<msg timestamp="20211013 16:58:33.398" level="INFO">Opening url 'https://skillacademy.com/'</msg>
<status status="PASS" starttime="20211013 16:58:33.397" endtime="20211013 16:58:45.951"/>
</kw>
<status status="PASS" starttime="20211013 16:58:29.250" endtime="20211013 16:58:45.952"/>
</kw>
<status status="PASS" starttime="20211013 16:58:29.250" endtime="20211013 16:58:45.952"/>
</kw>
<kw name="Set Selenium Timeout" library="SeleniumLibrary">
<arg>${DEFAULT_TIMEOUT}</arg>
<doc>Sets the timeout that is used by various keywords.</doc>
<status status="PASS" starttime="20211013 16:58:45.952" endtime="20211013 16:58:46.158"/>
</kw>
<kw name="Set Selenium Speed" library="SeleniumLibrary">
<arg>${DELAY}</arg>
<doc>Sets the delay that is waited after each Selenium command.</doc>
<status status="PASS" starttime="20211013 16:58:46.158" endtime="20211013 16:58:46.158"/>
</kw>
<status status="PASS" starttime="20211013 16:58:29.249" endtime="20211013 16:58:46.159"/>
</kw>
<kw name="Verify Homepage Opened" library="Homepage">
<kw name="Wait Until Element Is Visible" library="SeleniumLibrary">
<arg>${field_img_logo_skill_academy_homepage}</arg>
<doc>Waits until the element ``locator`` is visible.</doc>
<status status="PASS" starttime="20211013 16:58:46.159" endtime="20211013 16:58:46.641"/>
</kw>
<kw name="Element Should Be Visible" library="SeleniumLibrary">
<arg>${field_img_logo_skill_academy_homepage}</arg>
<doc>Verifies that the element identified by ``locator`` is visible.</doc>
<msg timestamp="20211013 16:58:47.085" level="INFO">Element 'css=img[alt='Skill Academy Logo']' is displayed.</msg>
<status status="PASS" starttime="20211013 16:58:46.642" endtime="20211013 16:58:47.086"/>
</kw>
<kw name="Wait Until Element Is Visible" library="SeleniumLibrary">
<arg>${button_menu_for_enterprise_homepage}</arg>
<doc>Waits until the element ``locator`` is visible.</doc>
<status status="PASS" starttime="20211013 16:58:47.086" endtime="20211013 16:58:47.597"/>
</kw>
<kw name="Element Should Be Visible" library="SeleniumLibrary">
<arg>${button_menu_for_enterprise_homepage}</arg>
<doc>Verifies that the element identified by ``locator`` is visible.</doc>
<msg timestamp="20211013 16:58:48.049" level="INFO">Element 'xpath=//a[@data-testid='header-enterprise-skillacademy-button']/p' is displayed.</msg>
<status status="PASS" starttime="20211013 16:58:47.598" endtime="20211013 16:58:48.050"/>
</kw>
<kw name="Wait Until Element Is Visible" library="SeleniumLibrary">
<arg>${button_menu_kelas_pekerja_homepage}</arg>
<doc>Waits until the element ``locator`` is visible.</doc>
<status status="PASS" starttime="20211013 16:58:48.052" endtime="20211013 16:58:48.513"/>
</kw>
<kw name="Element Should Be Visible" library="SeleniumLibrary">
<arg>${button_menu_kelas_pekerja_homepage}</arg>
<doc>Verifies that the element identified by ``locator`` is visible.</doc>
<msg timestamp="20211013 16:58:48.955" level="INFO">Element 'xpath=//a[@href='/prakerja']/p' is displayed.</msg>
<status status="PASS" starttime="20211013 16:58:48.514" endtime="20211013 16:58:48.956"/>
</kw>
<kw name="Wait Until Element Is Visible" library="SeleniumLibrary">
<arg>${button_menu_dropdown_kategori_homepage}</arg>
<doc>Waits until the element ``locator`` is visible.</doc>
<status status="PASS" starttime="20211013 16:58:48.957" endtime="20211013 16:58:49.404"/>
</kw>
<kw name="Element Should Be Visible" library="SeleniumLibrary">
<arg>${button_menu_dropdown_kategori_homepage}</arg>
<doc>Verifies that the element identified by ``locator`` is visible.</doc>
<msg timestamp="20211013 16:58:49.852" level="INFO">Element 'xpath=//div[@data-testid='dropdown-category']/p' is displayed.</msg>
<status status="PASS" starttime="20211013 16:58:49.405" endtime="20211013 16:58:49.853"/>
</kw>
<kw name="Wait Until Element Is Visible" library="SeleniumLibrary">
<arg>${button_menu_tambah_uang_saku_homepage}</arg>
<doc>Waits until the element ``locator`` is visible.</doc>
<status status="PASS" starttime="20211013 16:58:49.854" endtime="20211013 16:58:50.309"/>
</kw>
<kw name="Element Should Be Visible" library="SeleniumLibrary">
<arg>${button_menu_tambah_uang_saku_homepage}</arg>
<doc>Verifies that the element identified by ``locator`` is visible.</doc>
<msg timestamp="20211013 16:58:50.849" level="INFO">Element 'xpath=//a[@href='/referral/detail?scrollTo=&amp;activeTab=']/p' is displayed.</msg>
<status status="PASS" starttime="20211013 16:58:50.309" endtime="20211013 16:58:50.849"/>
</kw>
<kw name="Wait Until Element Is Visible" library="SeleniumLibrary">
<arg>${field_input_search_homepage}</arg>
<doc>Waits until the element ``locator`` is visible.</doc>
<status status="PASS" starttime="20211013 16:58:50.849" endtime="20211013 16:58:51.317"/>
</kw>
<kw name="Element Should Be Visible" library="SeleniumLibrary">
<arg>${field_input_search_homepage}</arg>
<doc>Verifies that the element identified by ``locator`` is visible.</doc>
<msg timestamp="20211013 16:58:51.760" level="INFO">Element 'xpath=//input[@data-testid='search-input-field']' is displayed.</msg>
<status status="PASS" starttime="20211013 16:58:51.318" endtime="20211013 16:58:51.761"/>
</kw>
<kw name="Wait Until Element Is Visible" library="SeleniumLibrary">
<arg>${field_img_banner_home_homepage}</arg>
<doc>Waits until the element ``locator`` is visible.</doc>
<status status="PASS" starttime="20211013 16:58:51.762" endtime="20211013 16:58:52.222"/>
</kw>
<kw name="Element Should Be Visible" library="SeleniumLibrary">
<arg>${field_img_banner_home_homepage}</arg>
<doc>Verifies that the element identified by ``locator`` is visible.</doc>
<msg timestamp="20211013 16:58:52.671" level="INFO">Element 'css=img[alt='Home Banner Large']' is displayed.</msg>
<status status="PASS" starttime="20211013 16:58:52.223" endtime="20211013 16:58:52.671"/>
</kw>
<status status="PASS" starttime="20211013 16:58:46.159" endtime="20211013 16:58:52.671"/>
</kw>
<kw name="Input 'keyword' in field search" library="Homepage">
<arg>blank</arg>
<kw name="Wait Until Element Is Visible" library="SeleniumLibrary">
<arg>${field_input_search_homepage}</arg>
<doc>Waits until the element ``locator`` is visible.</doc>
<status status="PASS" starttime="20211013 16:58:52.672" endtime="20211013 16:58:53.108"/>
</kw>
<kw name="Input Text" library="SeleniumLibrary">
<arg>${field_input_search_homepage}</arg>
<arg>${TEXT_KEYWORD_SEARCH}</arg>
<doc>Types the given ``text`` into the text field identified by ``locator``.</doc>
<msg timestamp="20211013 16:58:53.111" level="INFO">Typing text 'blank' into text field 'xpath=//input[@data-testid='search-input-field']'.</msg>
<status status="PASS" starttime="20211013 16:58:53.109" endtime="20211013 16:58:54.425"/>
</kw>
<status status="PASS" starttime="20211013 16:58:52.672" endtime="20211013 16:58:54.425"/>
</kw>
<kw name="Click search icon" library="Homepage">
<kw name="Wait Until Element Is Visible" library="SeleniumLibrary">
<arg>${field_img_icon_search_homepage}</arg>
<doc>Waits until the element ``locator`` is visible.</doc>
<status status="PASS" starttime="20211013 16:58:54.425" endtime="20211013 16:58:54.878"/>
</kw>
<kw name="Click Element" library="SeleniumLibrary">
<arg>${field_img_icon_search_homepage}</arg>
<doc>Click the element identified by ``locator``.</doc>
<msg timestamp="20211013 16:58:54.881" level="INFO">Clicking element 'xpath=//div[@data-testid='search-icon']'.</msg>
<status status="PASS" starttime="20211013 16:58:54.879" endtime="20211013 16:58:57.008"/>
</kw>
<status status="PASS" starttime="20211013 16:58:54.425" endtime="20211013 16:58:57.009"/>
</kw>
<kw name="Validate search result not found" library="Searchpage">
<kw name="Wait Until Element Is Visible" library="SeleniumLibrary">
<arg>${field_empty_result_search_page}</arg>
<doc>Waits until the element ``locator`` is visible.</doc>
<status status="PASS" starttime="20211013 16:58:57.009" endtime="20211013 16:58:57.922"/>
</kw>
<kw name="Element Should Be Visible" library="SeleniumLibrary">
<arg>${field_empty_result_search_page}</arg>
<doc>Verifies that the element identified by ``locator`` is visible.</doc>
<msg timestamp="20211013 16:58:58.362" level="INFO">Element 'xpath=//div[@data-testid='empty-result-card']' is displayed.</msg>
<status status="PASS" starttime="20211013 16:58:57.923" endtime="20211013 16:58:58.363"/>
</kw>
<kw name="Sleep" library="BuiltIn">
<arg>5</arg>
<doc>Pauses the test executed for the given time.</doc>
<msg timestamp="20211013 16:59:03.366" level="INFO">Slept 5 seconds</msg>
<status status="PASS" starttime="20211013 16:58:58.364" endtime="20211013 16:59:03.367"/>
</kw>
<status status="PASS" starttime="20211013 16:58:57.009" endtime="20211013 16:59:03.367"/>
</kw>
<kw name="End Testing" library="CommonKeywords" type="TEARDOWN">
<kw name="Close All Browsers" library="SeleniumLibrary">
<doc>Closes all open browsers and resets the browser cache.</doc>
<status status="PASS" starttime="20211013 16:59:03.369" endtime="20211013 16:59:03.630"/>
</kw>
<status status="PASS" starttime="20211013 16:59:03.368" endtime="20211013 16:59:03.630"/>
</kw>
<doc>Search With Result Not Found</doc>
<tag>Regression</tag>
<tag>Smoke</tag>
<timeout value="4 minutes"/>
<status status="PASS" starttime="20211013 16:58:29.248" endtime="20211013 16:59:03.631"/>
</test>
<test id="s1-t3" name="TC003 Search With Input Keyword and Filter by Price">
<kw name="Start Testing" library="CommonKeywords" type="SETUP">
<arg>${URL}</arg>
<kw name="Open Web" library="CommonKeywords">
<arg>${URL}</arg>
<kw name="Convert To Lower Case" library="String">
<var>${BROWSER}</var>
<arg>${BROWSER}</arg>
<doc>Converts string to lower case.</doc>
<msg timestamp="20211013 16:59:03.633" level="INFO">${BROWSER} = chrome</msg>
<status status="PASS" starttime="20211013 16:59:03.632" endtime="20211013 16:59:03.633"/>
</kw>
<kw name="Open Normal Browser" library="Browser">
<arg>${URL}</arg>
<kw name="Open Browser" library="SeleniumLibrary">
<arg>${URL_BLANK}</arg>
<arg>${BROWSER}</arg>
<doc>Opens a new browser instance to the optional ``url``.</doc>
<msg timestamp="20211013 16:59:03.633" level="INFO">Opening browser 'chrome' to base url 'about:blank'.</msg>
<status status="PASS" starttime="20211013 16:59:03.633" endtime="20211013 16:59:07.472"/>
</kw>
<kw name="Maximize Browser Window" library="SeleniumLibrary">
<doc>Maximizes current browser window.</doc>
<status status="PASS" starttime="20211013 16:59:07.473" endtime="20211013 16:59:07.826"/>
</kw>
<kw name="Go To" library="SeleniumLibrary">
<arg>${URL}</arg>
<doc>Navigates the current browser window to the provided ``url``.</doc>
<msg timestamp="20211013 16:59:07.830" level="INFO">Opening url 'https://skillacademy.com/'</msg>
<status status="PASS" starttime="20211013 16:59:07.827" endtime="20211013 16:59:22.601"/>
</kw>
<status status="PASS" starttime="20211013 16:59:03.633" endtime="20211013 16:59:22.601"/>
</kw>
<status status="PASS" starttime="20211013 16:59:03.632" endtime="20211013 16:59:22.601"/>
</kw>
<kw name="Set Selenium Timeout" library="SeleniumLibrary">
<arg>${DEFAULT_TIMEOUT}</arg>
<doc>Sets the timeout that is used by various keywords.</doc>
<status status="PASS" starttime="20211013 16:59:22.601" endtime="20211013 16:59:22.808"/>
</kw>
<kw name="Set Selenium Speed" library="SeleniumLibrary">
<arg>${DELAY}</arg>
<doc>Sets the delay that is waited after each Selenium command.</doc>
<status status="PASS" starttime="20211013 16:59:22.808" endtime="20211013 16:59:22.808"/>
</kw>
<status status="PASS" starttime="20211013 16:59:03.632" endtime="20211013 16:59:22.809"/>
</kw>
<kw name="Verify Homepage Opened" library="Homepage">
<kw name="Wait Until Element Is Visible" library="SeleniumLibrary">
<arg>${field_img_logo_skill_academy_homepage}</arg>
<doc>Waits until the element ``locator`` is visible.</doc>
<status status="PASS" starttime="20211013 16:59:22.809" endtime="20211013 16:59:23.278"/>
</kw>
<kw name="Element Should Be Visible" library="SeleniumLibrary">
<arg>${field_img_logo_skill_academy_homepage}</arg>
<doc>Verifies that the element identified by ``locator`` is visible.</doc>
<msg timestamp="20211013 16:59:23.734" level="INFO">Element 'css=img[alt='Skill Academy Logo']' is displayed.</msg>
<status status="PASS" starttime="20211013 16:59:23.279" endtime="20211013 16:59:23.734"/>
</kw>
<kw name="Wait Until Element Is Visible" library="SeleniumLibrary">
<arg>${button_menu_for_enterprise_homepage}</arg>
<doc>Waits until the element ``locator`` is visible.</doc>
<status status="PASS" starttime="20211013 16:59:23.735" endtime="20211013 16:59:24.249"/>
</kw>
<kw name="Element Should Be Visible" library="SeleniumLibrary">
<arg>${button_menu_for_enterprise_homepage}</arg>
<doc>Verifies that the element identified by ``locator`` is visible.</doc>
<msg timestamp="20211013 16:59:24.698" level="INFO">Element 'xpath=//a[@data-testid='header-enterprise-skillacademy-button']/p' is displayed.</msg>
<status status="PASS" starttime="20211013 16:59:24.250" endtime="20211013 16:59:24.698"/>
</kw>
<kw name="Wait Until Element Is Visible" library="SeleniumLibrary">
<arg>${button_menu_kelas_pekerja_homepage}</arg>
<doc>Waits until the element ``locator`` is visible.</doc>
<status status="PASS" starttime="20211013 16:59:24.698" endtime="20211013 16:59:25.150"/>
</kw>
<kw name="Element Should Be Visible" library="SeleniumLibrary">
<arg>${button_menu_kelas_pekerja_homepage}</arg>
<doc>Verifies that the element identified by ``locator`` is visible.</doc>
<msg timestamp="20211013 16:59:25.592" level="INFO">Element 'xpath=//a[@href='/prakerja']/p' is displayed.</msg>
<status status="PASS" starttime="20211013 16:59:25.150" endtime="20211013 16:59:25.592"/>
</kw>
<kw name="Wait Until Element Is Visible" library="SeleniumLibrary">
<arg>${button_menu_dropdown_kategori_homepage}</arg>
<doc>Waits until the element ``locator`` is visible.</doc>
<status status="PASS" starttime="20211013 16:59:25.593" endtime="20211013 16:59:26.051"/>
</kw>
<kw name="Element Should Be Visible" library="SeleniumLibrary">
<arg>${button_menu_dropdown_kategori_homepage}</arg>
<doc>Verifies that the element identified by ``locator`` is visible.</doc>
<msg timestamp="20211013 16:59:26.486" level="INFO">Element 'xpath=//div[@data-testid='dropdown-category']/p' is displayed.</msg>
<status status="PASS" starttime="20211013 16:59:26.051" endtime="20211013 16:59:26.486"/>
</kw>
<kw name="Wait Until Element Is Visible" library="SeleniumLibrary">
<arg>${button_menu_tambah_uang_saku_homepage}</arg>
<doc>Waits until the element ``locator`` is visible.</doc>
<status status="PASS" starttime="20211013 16:59:26.487" endtime="20211013 16:59:26.943"/>
</kw>
<kw name="Element Should Be Visible" library="SeleniumLibrary">
<arg>${button_menu_tambah_uang_saku_homepage}</arg>
<doc>Verifies that the element identified by ``locator`` is visible.</doc>
<msg timestamp="20211013 16:59:27.472" level="INFO">Element 'xpath=//a[@href='/referral/detail?scrollTo=&amp;activeTab=']/p' is displayed.</msg>
<status status="PASS" starttime="20211013 16:59:26.944" endtime="20211013 16:59:27.473"/>
</kw>
<kw name="Wait Until Element Is Visible" library="SeleniumLibrary">
<arg>${field_input_search_homepage}</arg>
<doc>Waits until the element ``locator`` is visible.</doc>
<status status="PASS" starttime="20211013 16:59:27.473" endtime="20211013 16:59:27.947"/>
</kw>
<kw name="Element Should Be Visible" library="SeleniumLibrary">
<arg>${field_input_search_homepage}</arg>
<doc>Verifies that the element identified by ``locator`` is visible.</doc>
<msg timestamp="20211013 16:59:28.438" level="INFO">Element 'xpath=//input[@data-testid='search-input-field']' is displayed.</msg>
<status status="PASS" starttime="20211013 16:59:27.947" endtime="20211013 16:59:28.439"/>
</kw>
<kw name="Wait Until Element Is Visible" library="SeleniumLibrary">
<arg>${field_img_banner_home_homepage}</arg>
<doc>Waits until the element ``locator`` is visible.</doc>
<status status="PASS" starttime="20211013 16:59:28.440" endtime="20211013 16:59:28.897"/>
</kw>
<kw name="Element Should Be Visible" library="SeleniumLibrary">
<arg>${field_img_banner_home_homepage}</arg>
<doc>Verifies that the element identified by ``locator`` is visible.</doc>
<msg timestamp="20211013 16:59:29.348" level="INFO">Element 'css=img[alt='Home Banner Large']' is displayed.</msg>
<status status="PASS" starttime="20211013 16:59:28.898" endtime="20211013 16:59:29.349"/>
</kw>
<status status="PASS" starttime="20211013 16:59:22.809" endtime="20211013 16:59:29.349"/>
</kw>
<kw name="Input 'keyword' in field search" library="Homepage">
<arg>python</arg>
<kw name="Wait Until Element Is Visible" library="SeleniumLibrary">
<arg>${field_input_search_homepage}</arg>
<doc>Waits until the element ``locator`` is visible.</doc>
<status status="PASS" starttime="20211013 16:59:29.352" endtime="20211013 16:59:29.794"/>
</kw>
<kw name="Input Text" library="SeleniumLibrary">
<arg>${field_input_search_homepage}</arg>
<arg>${TEXT_KEYWORD_SEARCH}</arg>
<doc>Types the given ``text`` into the text field identified by ``locator``.</doc>
<msg timestamp="20211013 16:59:29.797" level="INFO">Typing text 'python' into text field 'xpath=//input[@data-testid='search-input-field']'.</msg>
<status status="PASS" starttime="20211013 16:59:29.795" endtime="20211013 16:59:31.093"/>
</kw>
<status status="PASS" starttime="20211013 16:59:29.350" endtime="20211013 16:59:31.093"/>
</kw>
<kw name="Click search icon" library="Homepage">
<kw name="Wait Until Element Is Visible" library="SeleniumLibrary">
<arg>${field_img_icon_search_homepage}</arg>
<doc>Waits until the element ``locator`` is visible.</doc>
<status status="PASS" starttime="20211013 16:59:31.094" endtime="20211013 16:59:31.552"/>
</kw>
<kw name="Click Element" library="SeleniumLibrary">
<arg>${field_img_icon_search_homepage}</arg>
<doc>Click the element identified by ``locator``.</doc>
<msg timestamp="20211013 16:59:31.555" level="INFO">Clicking element 'xpath=//div[@data-testid='search-icon']'.</msg>
<status status="PASS" starttime="20211013 16:59:31.553" endtime="20211013 16:59:33.570"/>
</kw>
<status status="PASS" starttime="20211013 16:59:31.093" endtime="20211013 16:59:33.570"/>
</kw>
<kw name="Validate search result" library="Searchpage">
<kw name="Wait Until Element Is Visible" library="SeleniumLibrary">
<arg>${text_total_result_search_page}</arg>
<doc>Waits until the element ``locator`` is visible.</doc>
<status status="PASS" starttime="20211013 16:59:33.570" endtime="20211013 16:59:35.081"/>
</kw>
<kw name="Element Should Be Visible" library="SeleniumLibrary">
<arg>${text_total_result_search_page}</arg>
<doc>Verifies that the element identified by ``locator`` is visible.</doc>
<msg timestamp="20211013 16:59:35.528" level="INFO">Element 'css=[data-testid='total-result']' is displayed.</msg>
<status status="PASS" starttime="20211013 16:59:35.082" endtime="20211013 16:59:35.530"/>
</kw>
<kw name="Wait Until Element Is Visible" library="SeleniumLibrary">
<arg>${field_filter_by_harga_search_page}</arg>
<doc>Waits until the element ``locator`` is visible.</doc>
<status status="PASS" starttime="20211013 16:59:35.531" endtime="20211013 16:59:36.007"/>
</kw>
<kw name="Element Should Be Visible" library="SeleniumLibrary">
<arg>${field_filter_by_harga_search_page}</arg>
<doc>Verifies that the element identified by ``locator`` is visible.</doc>
<msg timestamp="20211013 16:59:36.468" level="INFO">Element 'xpath=(//div[@data-testid='dropdown-container']//div[.='Harga'])[1]' is displayed.</msg>
<status status="PASS" starttime="20211013 16:59:36.008" endtime="20211013 16:59:36.469"/>
</kw>
<kw name="Wait Until Element Is Visible" library="SeleniumLibrary">
<arg>${field_filter_by_durasi_search_page}</arg>
<doc>Waits until the element ``locator`` is visible.</doc>
<status status="PASS" starttime="20211013 16:59:36.469" endtime="20211013 16:59:36.919"/>
</kw>
<kw name="Element Should Be Visible" library="SeleniumLibrary">
<arg>${field_filter_by_durasi_search_page}</arg>
<doc>Verifies that the element identified by ``locator`` is visible.</doc>
<msg timestamp="20211013 16:59:37.355" level="INFO">Element 'xpath=(//div[@data-testid='dropdown-container']//div[.='Durasi'])[1]' is displayed.</msg>
<status status="PASS" starttime="20211013 16:59:36.920" endtime="20211013 16:59:37.355"/>
</kw>
<kw name="Wait Until Element Is Visible" library="SeleniumLibrary">
<arg>${field_sort_by_search_page}</arg>
<doc>Waits until the element ``locator`` is visible.</doc>
<status status="PASS" starttime="20211013 16:59:37.356" endtime="20211013 16:59:37.829"/>
</kw>
<kw name="Element Should Be Visible" library="SeleniumLibrary">
<arg>${field_sort_by_search_page}</arg>
<doc>Verifies that the element identified by ``locator`` is visible.</doc>
<msg timestamp="20211013 16:59:38.272" level="INFO">Element 'xpath=(//div[@data-testid='dropdown-container']//div[.='Pilih'])[1]' is displayed.</msg>
<status status="PASS" starttime="20211013 16:59:37.830" endtime="20211013 16:59:38.273"/>
</kw>
<status status="PASS" starttime="20211013 16:59:33.570" endtime="20211013 16:59:38.274"/>
</kw>
<kw name="Filter by price" library="Searchpage">
<kw name="Wait Until Element Is Visible" library="SeleniumLibrary">
<arg>${field_filter_by_harga_search_page}</arg>
<doc>Waits until the element ``locator`` is visible.</doc>
<status status="PASS" starttime="20211013 16:59:38.276" endtime="20211013 16:59:38.715"/>
</kw>
<kw name="Click Element" library="SeleniumLibrary">
<arg>${field_filter_by_harga_search_page}</arg>
<doc>Click the element identified by ``locator``.</doc>
<msg timestamp="20211013 16:59:38.718" level="INFO">Clicking element 'xpath=(//div[@data-testid='dropdown-container']//div[.='Harga'])[1]'.</msg>
<status status="PASS" starttime="20211013 16:59:38.716" endtime="20211013 16:59:39.812"/>
</kw>
<kw name="Wait Until Element Is Visible" library="SeleniumLibrary">
<arg>${filter_by_price_search_page}</arg>
<doc>Waits until the element ``locator`` is visible.</doc>
<status status="PASS" starttime="20211013 16:59:39.812" endtime="20211013 16:59:40.293"/>
</kw>
<kw name="Click Element" library="SeleniumLibrary">
<arg>${filter_by_price_search_page}</arg>
<doc>Click the element identified by ``locator``.</doc>
<msg timestamp="20211013 16:59:40.296" level="INFO">Clicking element 'xpath=//*[.='&lt;100.000']'.</msg>
<status status="PASS" starttime="20211013 16:59:40.294" endtime="20211013 16:59:41.048"/>
</kw>
<status status="PASS" starttime="20211013 16:59:38.275" endtime="20211013 16:59:41.048"/>
</kw>
<kw name="Verify Price Is More Than MinPrice and Less Than MaxPrice" library="Searchpage">
<arg>0</arg>
<arg>100000</arg>
<kw name="Wait Until Element Is Visible" library="SeleniumLibrary">
<arg>${text_result_price_search_page}</arg>
<doc>Waits until the element ``locator`` is visible.</doc>
<status status="PASS" starttime="20211013 16:59:41.049" endtime="20211013 16:59:41.923"/>
</kw>
<kw name="Set Variable" library="BuiltIn">
<var>${INDEX}</var>
<arg>1</arg>
<doc>Returns the given values which can then be assigned to a variables.</doc>
<msg timestamp="20211013 16:59:41.925" level="INFO">${INDEX} = 1</msg>
<status status="PASS" starttime="20211013 16:59:41.923" endtime="20211013 16:59:41.925"/>
</kw>
<kw name="Get Element Count" library="SeleniumLibrary">
<var>${COUNT_ELEMENTS}</var>
<arg>${text_result_price_search_page}</arg>
<doc>Returns the number of elements matching ``locator``.</doc>
<msg timestamp="20211013 16:59:42.143" level="INFO">${COUNT_ELEMENTS} = 1</msg>
<status status="PASS" starttime="20211013 16:59:41.925" endtime="20211013 16:59:42.144"/>
</kw>
<for flavor="IN RANGE">
<var>${ELEMENT}</var>
<value>${COUNT_ELEMENTS}</value>
<iter>
<var name="${ELEMENT}">0</var>
<kw name="Log" library="BuiltIn">
<arg>${ELEMENT}</arg>
<doc>Logs the given message with the given level.</doc>
<msg timestamp="20211013 16:59:42.148" level="INFO">0</msg>
<status status="PASS" starttime="20211013 16:59:42.146" endtime="20211013 16:59:42.148"/>
</kw>
<kw name="Catenate" library="BuiltIn">
<var>${ELEMENT_INDEX}</var>
<arg>(${text_result_price_search_page})[${INDEX}]</arg>
<doc>Catenates the given items together and returns the resulted string.</doc>
<msg timestamp="20211013 16:59:42.150" level="INFO">${ELEMENT_INDEX} = (//p[@data-testid='price-final'])[1]</msg>
<status status="PASS" starttime="20211013 16:59:42.148" endtime="20211013 16:59:42.150"/>
</kw>
<kw name="Get Text" library="SeleniumLibrary">
<var>${TEXT_PRICE}</var>
<arg>${ELEMENT_INDEX}</arg>
<doc>Returns the text value of the element identified by ``locator``.</doc>
<msg timestamp="20211013 16:59:42.608" level="INFO">${TEXT_PRICE} = Rp 92.000</msg>
<status status="PASS" starttime="20211013 16:59:42.150" endtime="20211013 16:59:42.609"/>
</kw>
<kw name="Remove String" library="String">
<var>${TEXT_PRICE}</var>
<arg>${TEXT_PRICE}</arg>
<arg>Rp</arg>
<arg>.</arg>
<arg>,</arg>
<arg>${SPACE}</arg>
<doc>Removes all ``removables`` from the given ``string``.</doc>
<msg timestamp="20211013 16:59:42.611" level="INFO">${TEXT_PRICE} = 92000</msg>
<status status="PASS" starttime="20211013 16:59:42.610" endtime="20211013 16:59:42.611"/>
</kw>
<kw name="Convert To Number" library="BuiltIn">
<var>${TEXT_PRICE}</var>
<arg>${TEXT_PRICE}</arg>
<doc>Converts the given item to a floating point number.</doc>
<msg timestamp="20211013 16:59:42.612" level="INFO">${TEXT_PRICE} = 92000.0</msg>
<status status="PASS" starttime="20211013 16:59:42.612" endtime="20211013 16:59:42.612"/>
</kw>
<kw name="Should Be True" library="BuiltIn">
<arg>${TEXT_PRICE} &gt;= ${MinPrice}</arg>
<doc>Fails if the given condition is not true.</doc>
<status status="PASS" starttime="20211013 16:59:42.613" endtime="20211013 16:59:42.614"/>
</kw>
<kw name="Should Be True" library="BuiltIn">
<arg>${TEXT_PRICE} &lt;= ${maxPrice}</arg>
<doc>Fails if the given condition is not true.</doc>
<status status="PASS" starttime="20211013 16:59:42.614" endtime="20211013 16:59:42.615"/>
</kw>
<kw name="Evaluate" library="BuiltIn">
<var>${index}</var>
<arg>${index} + 1</arg>
<doc>Evaluates the given expression in Python and returns the result.</doc>
<msg timestamp="20211013 16:59:42.617" level="INFO">${index} = 2</msg>
<status status="PASS" starttime="20211013 16:59:42.616" endtime="20211013 16:59:42.617"/>
</kw>
<status status="PASS" starttime="20211013 16:59:42.145" endtime="20211013 16:59:42.617"/>
</iter>
<status status="PASS" starttime="20211013 16:59:42.144" endtime="20211013 16:59:42.617"/>
</for>
<status status="PASS" starttime="20211013 16:59:41.049" endtime="20211013 16:59:42.618"/>
</kw>
<kw name="End Testing" library="CommonKeywords" type="TEARDOWN">
<kw name="Close All Browsers" library="SeleniumLibrary">
<doc>Closes all open browsers and resets the browser cache.</doc>
<status status="PASS" starttime="20211013 16:59:42.619" endtime="20211013 16:59:42.880"/>
</kw>
<status status="PASS" starttime="20211013 16:59:42.618" endtime="20211013 16:59:42.880"/>
</kw>
<doc>Search With Input Keyword and Filter by Price</doc>
<tag>Regression</tag>
<tag>Smoke</tag>
<timeout value="4 minutes"/>
<status status="PASS" starttime="20211013 16:59:03.631" endtime="20211013 16:59:42.880"/>
</test>
<test id="s1-t4" name="TC004 Search With Input Keyword and Filter by Duration">
<kw name="Start Testing" library="CommonKeywords" type="SETUP">
<arg>${URL}</arg>
<kw name="Open Web" library="CommonKeywords">
<arg>${URL}</arg>
<kw name="Convert To Lower Case" library="String">
<var>${BROWSER}</var>
<arg>${BROWSER}</arg>
<doc>Converts string to lower case.</doc>
<msg timestamp="20211013 16:59:42.883" level="INFO">${BROWSER} = chrome</msg>
<status status="PASS" starttime="20211013 16:59:42.882" endtime="20211013 16:59:42.883"/>
</kw>
<kw name="Open Normal Browser" library="Browser">
<arg>${URL}</arg>
<kw name="Open Browser" library="SeleniumLibrary">
<arg>${URL_BLANK}</arg>
<arg>${BROWSER}</arg>
<doc>Opens a new browser instance to the optional ``url``.</doc>
<msg timestamp="20211013 16:59:42.883" level="INFO">Opening browser 'chrome' to base url 'about:blank'.</msg>
<status status="PASS" starttime="20211013 16:59:42.883" endtime="20211013 16:59:46.585"/>
</kw>
<kw name="Maximize Browser Window" library="SeleniumLibrary">
<doc>Maximizes current browser window.</doc>
<status status="PASS" starttime="20211013 16:59:46.586" endtime="20211013 16:59:46.935"/>
</kw>
<kw name="Go To" library="SeleniumLibrary">
<arg>${URL}</arg>
<doc>Navigates the current browser window to the provided ``url``.</doc>
<msg timestamp="20211013 16:59:46.937" level="INFO">Opening url 'https://skillacademy.com/'</msg>
<status status="PASS" starttime="20211013 16:59:46.935" endtime="20211013 16:59:59.239"/>
</kw>
<status status="PASS" starttime="20211013 16:59:42.883" endtime="20211013 16:59:59.239"/>
</kw>
<status status="PASS" starttime="20211013 16:59:42.882" endtime="20211013 16:59:59.239"/>
</kw>
<kw name="Set Selenium Timeout" library="SeleniumLibrary">
<arg>${DEFAULT_TIMEOUT}</arg>
<doc>Sets the timeout that is used by various keywords.</doc>
<status status="PASS" starttime="20211013 16:59:59.239" endtime="20211013 16:59:59.442"/>
</kw>
<kw name="Set Selenium Speed" library="SeleniumLibrary">
<arg>${DELAY}</arg>
<doc>Sets the delay that is waited after each Selenium command.</doc>
<status status="PASS" starttime="20211013 16:59:59.443" endtime="20211013 16:59:59.443"/>
</kw>
<status status="PASS" starttime="20211013 16:59:42.882" endtime="20211013 16:59:59.443"/>
</kw>
<kw name="Verify Homepage Opened" library="Homepage">
<kw name="Wait Until Element Is Visible" library="SeleniumLibrary">
<arg>${field_img_logo_skill_academy_homepage}</arg>
<doc>Waits until the element ``locator`` is visible.</doc>
<status status="PASS" starttime="20211013 16:59:59.443" endtime="20211013 16:59:59.955"/>
</kw>
<kw name="Element Should Be Visible" library="SeleniumLibrary">
<arg>${field_img_logo_skill_academy_homepage}</arg>
<doc>Verifies that the element identified by ``locator`` is visible.</doc>
<msg timestamp="20211013 17:00:00.388" level="INFO">Element 'css=img[alt='Skill Academy Logo']' is displayed.</msg>
<status status="PASS" starttime="20211013 16:59:59.956" endtime="20211013 17:00:00.389"/>
</kw>
<kw name="Wait Until Element Is Visible" library="SeleniumLibrary">
<arg>${button_menu_for_enterprise_homepage}</arg>
<doc>Waits until the element ``locator`` is visible.</doc>
<status status="PASS" starttime="20211013 17:00:00.390" endtime="20211013 17:00:00.902"/>
</kw>
<kw name="Element Should Be Visible" library="SeleniumLibrary">
<arg>${button_menu_for_enterprise_homepage}</arg>
<doc>Verifies that the element identified by ``locator`` is visible.</doc>
<msg timestamp="20211013 17:00:01.354" level="INFO">Element 'xpath=//a[@data-testid='header-enterprise-skillacademy-button']/p' is displayed.</msg>
<status status="PASS" starttime="20211013 17:00:00.902" endtime="20211013 17:00:01.355"/>
</kw>
<kw name="Wait Until Element Is Visible" library="SeleniumLibrary">
<arg>${button_menu_kelas_pekerja_homepage}</arg>
<doc>Waits until the element ``locator`` is visible.</doc>
<status status="PASS" starttime="20211013 17:00:01.355" endtime="20211013 17:00:01.813"/>
</kw>
<kw name="Element Should Be Visible" library="SeleniumLibrary">
<arg>${button_menu_kelas_pekerja_homepage}</arg>
<doc>Verifies that the element identified by ``locator`` is visible.</doc>
<msg timestamp="20211013 17:00:02.257" level="INFO">Element 'xpath=//a[@href='/prakerja']/p' is displayed.</msg>
<status status="PASS" starttime="20211013 17:00:01.814" endtime="20211013 17:00:02.257"/>
</kw>
<kw name="Wait Until Element Is Visible" library="SeleniumLibrary">
<arg>${button_menu_dropdown_kategori_homepage}</arg>
<doc>Waits until the element ``locator`` is visible.</doc>
<status status="PASS" starttime="20211013 17:00:02.258" endtime="20211013 17:00:02.707"/>
</kw>
<kw name="Element Should Be Visible" library="SeleniumLibrary">
<arg>${button_menu_dropdown_kategori_homepage}</arg>
<doc>Verifies that the element identified by ``locator`` is visible.</doc>
<msg timestamp="20211013 17:00:03.158" level="INFO">Element 'xpath=//div[@data-testid='dropdown-category']/p' is displayed.</msg>
<status status="PASS" starttime="20211013 17:00:02.708" endtime="20211013 17:00:03.159"/>
</kw>
<kw name="Wait Until Element Is Visible" library="SeleniumLibrary">
<arg>${button_menu_tambah_uang_saku_homepage}</arg>
<doc>Waits until the element ``locator`` is visible.</doc>
<status status="PASS" starttime="20211013 17:00:03.160" endtime="20211013 17:00:03.620"/>
</kw>
<kw name="Element Should Be Visible" library="SeleniumLibrary">
<arg>${button_menu_tambah_uang_saku_homepage}</arg>
<doc>Verifies that the element identified by ``locator`` is visible.</doc>
<msg timestamp="20211013 17:00:04.058" level="INFO">Element 'xpath=//a[@href='/referral/detail?scrollTo=&amp;activeTab=']/p' is displayed.</msg>
<status status="PASS" starttime="20211013 17:00:03.620" endtime="20211013 17:00:04.058"/>
</kw>
<kw name="Wait Until Element Is Visible" library="SeleniumLibrary">
<arg>${field_input_search_homepage}</arg>
<doc>Waits until the element ``locator`` is visible.</doc>
<status status="PASS" starttime="20211013 17:00:04.059" endtime="20211013 17:00:04.520"/>
</kw>
<kw name="Element Should Be Visible" library="SeleniumLibrary">
<arg>${field_input_search_homepage}</arg>
<doc>Verifies that the element identified by ``locator`` is visible.</doc>
<msg timestamp="20211013 17:00:04.963" level="INFO">Element 'xpath=//input[@data-testid='search-input-field']' is displayed.</msg>
<status status="PASS" starttime="20211013 17:00:04.521" endtime="20211013 17:00:04.964"/>
</kw>
<kw name="Wait Until Element Is Visible" library="SeleniumLibrary">
<arg>${field_img_banner_home_homepage}</arg>
<doc>Waits until the element ``locator`` is visible.</doc>
<status status="PASS" starttime="20211013 17:00:04.964" endtime="20211013 17:00:05.422"/>
</kw>
<kw name="Element Should Be Visible" library="SeleniumLibrary">
<arg>${field_img_banner_home_homepage}</arg>
<doc>Verifies that the element identified by ``locator`` is visible.</doc>
<msg timestamp="20211013 17:00:05.872" level="INFO">Element 'css=img[alt='Home Banner Large']' is displayed.</msg>
<status status="PASS" starttime="20211013 17:00:05.423" endtime="20211013 17:00:05.873"/>
</kw>
<status status="PASS" starttime="20211013 16:59:59.443" endtime="20211013 17:00:05.873"/>
</kw>
<kw name="Input 'keyword' in field search" library="Homepage">
<arg>python</arg>
<kw name="Wait Until Element Is Visible" library="SeleniumLibrary">
<arg>${field_input_search_homepage}</arg>
<doc>Waits until the element ``locator`` is visible.</doc>
<status status="PASS" starttime="20211013 17:00:05.876" endtime="20211013 17:00:06.320"/>
</kw>
<kw name="Input Text" library="SeleniumLibrary">
<arg>${field_input_search_homepage}</arg>
<arg>${TEXT_KEYWORD_SEARCH}</arg>
<doc>Types the given ``text`` into the text field identified by ``locator``.</doc>
<msg timestamp="20211013 17:00:06.323" level="INFO">Typing text 'python' into text field 'xpath=//input[@data-testid='search-input-field']'.</msg>
<status status="PASS" starttime="20211013 17:00:06.321" endtime="20211013 17:00:07.607"/>
</kw>
<status status="PASS" starttime="20211013 17:00:05.874" endtime="20211013 17:00:07.607"/>
</kw>
<kw name="Click search icon" library="Homepage">
<kw name="Wait Until Element Is Visible" library="SeleniumLibrary">
<arg>${field_img_icon_search_homepage}</arg>
<doc>Waits until the element ``locator`` is visible.</doc>
<status status="PASS" starttime="20211013 17:00:07.608" endtime="20211013 17:00:08.061"/>
</kw>
<kw name="Click Element" library="SeleniumLibrary">
<arg>${field_img_icon_search_homepage}</arg>
<doc>Click the element identified by ``locator``.</doc>
<msg timestamp="20211013 17:00:08.064" level="INFO">Clicking element 'xpath=//div[@data-testid='search-icon']'.</msg>
<status status="PASS" starttime="20211013 17:00:08.062" endtime="20211013 17:00:10.240"/>
</kw>
<status status="PASS" starttime="20211013 17:00:07.608" endtime="20211013 17:00:10.240"/>
</kw>
<kw name="Validate search result" library="Searchpage">
<kw name="Wait Until Element Is Visible" library="SeleniumLibrary">
<arg>${text_total_result_search_page}</arg>
<doc>Waits until the element ``locator`` is visible.</doc>
<status status="PASS" starttime="20211013 17:00:10.240" endtime="20211013 17:00:11.560"/>
</kw>
<kw name="Element Should Be Visible" library="SeleniumLibrary">
<arg>${text_total_result_search_page}</arg>
<doc>Verifies that the element identified by ``locator`` is visible.</doc>
<msg timestamp="20211013 17:00:11.996" level="INFO">Element 'css=[data-testid='total-result']' is displayed.</msg>
<status status="PASS" starttime="20211013 17:00:11.560" endtime="20211013 17:00:11.996"/>
</kw>
<kw name="Wait Until Element Is Visible" library="SeleniumLibrary">
<arg>${field_filter_by_harga_search_page}</arg>
<doc>Waits until the element ``locator`` is visible.</doc>
<status status="PASS" starttime="20211013 17:00:11.997" endtime="20211013 17:00:12.559"/>
</kw>
<kw name="Element Should Be Visible" library="SeleniumLibrary">
<arg>${field_filter_by_harga_search_page}</arg>
<doc>Verifies that the element identified by ``locator`` is visible.</doc>
<msg timestamp="20211013 17:00:13.001" level="INFO">Element 'xpath=(//div[@data-testid='dropdown-container']//div[.='Harga'])[1]' is displayed.</msg>
<status status="PASS" starttime="20211013 17:00:12.560" endtime="20211013 17:00:13.002"/>
</kw>
<kw name="Wait Until Element Is Visible" library="SeleniumLibrary">
<arg>${field_filter_by_durasi_search_page}</arg>
<doc>Waits until the element ``locator`` is visible.</doc>
<status status="PASS" starttime="20211013 17:00:13.003" endtime="20211013 17:00:13.451"/>
</kw>
<kw name="Element Should Be Visible" library="SeleniumLibrary">
<arg>${field_filter_by_durasi_search_page}</arg>
<doc>Verifies that the element identified by ``locator`` is visible.</doc>
<msg timestamp="20211013 17:00:13.889" level="INFO">Element 'xpath=(//div[@data-testid='dropdown-container']//div[.='Durasi'])[1]' is displayed.</msg>
<status status="PASS" starttime="20211013 17:00:13.452" endtime="20211013 17:00:13.890"/>
</kw>
<kw name="Wait Until Element Is Visible" library="SeleniumLibrary">
<arg>${field_sort_by_search_page}</arg>
<doc>Waits until the element ``locator`` is visible.</doc>
<status status="PASS" starttime="20211013 17:00:13.891" endtime="20211013 17:00:14.340"/>
</kw>
<kw name="Element Should Be Visible" library="SeleniumLibrary">
<arg>${field_sort_by_search_page}</arg>
<doc>Verifies that the element identified by ``locator`` is visible.</doc>
<msg timestamp="20211013 17:00:14.778" level="INFO">Element 'xpath=(//div[@data-testid='dropdown-container']//div[.='Pilih'])[1]' is displayed.</msg>
<status status="PASS" starttime="20211013 17:00:14.341" endtime="20211013 17:00:14.779"/>
</kw>
<status status="PASS" starttime="20211013 17:00:10.240" endtime="20211013 17:00:14.780"/>
</kw>
<kw name="Filter by duration" library="Searchpage">
<kw name="Wait Until Element Is Visible" library="SeleniumLibrary">
<arg>${field_filter_by_durasi_search_page}</arg>
<doc>Waits until the element ``locator`` is visible.</doc>
<status status="PASS" starttime="20211013 17:00:14.782" endtime="20211013 17:00:15.221"/>
</kw>
<kw name="Click Element" library="SeleniumLibrary">
<arg>${field_filter_by_durasi_search_page}</arg>
<doc>Click the element identified by ``locator``.</doc>
<msg timestamp="20211013 17:00:15.223" level="INFO">Clicking element 'xpath=(//div[@data-testid='dropdown-container']//div[.='Durasi'])[1]'.</msg>
<status status="PASS" starttime="20211013 17:00:15.222" endtime="20211013 17:00:16.299"/>
</kw>
<kw name="Wait Until Element Is Visible" library="SeleniumLibrary">
<arg>${filter_by_duration_search_page}</arg>
<doc>Waits until the element ``locator`` is visible.</doc>
<status status="PASS" starttime="20211013 17:00:16.299" endtime="20211013 17:00:16.769"/>
</kw>
<kw name="Click Element" library="SeleniumLibrary">
<arg>${filter_by_duration_search_page}</arg>
<doc>Click the element identified by ``locator``.</doc>
<msg timestamp="20211013 17:00:16.772" level="INFO">Clicking element 'xpath=//*[.='&lt;1 jam']'.</msg>
<status status="PASS" starttime="20211013 17:00:16.770" endtime="20211013 17:00:17.568"/>
</kw>
<status status="PASS" starttime="20211013 17:00:14.781" endtime="20211013 17:00:17.568"/>
</kw>
<kw name="End Testing" library="CommonKeywords" type="TEARDOWN">
<kw name="Close All Browsers" library="SeleniumLibrary">
<doc>Closes all open browsers and resets the browser cache.</doc>
<status status="PASS" starttime="20211013 17:00:17.569" endtime="20211013 17:00:17.829"/>
</kw>
<status status="PASS" starttime="20211013 17:00:17.569" endtime="20211013 17:00:17.829"/>
</kw>
<doc>Search With Input Keyword and Filter by Price</doc>
<tag>Regression</tag>
<tag>Smoke</tag>
<timeout value="4 minutes"/>
<status status="PASS" starttime="20211013 16:59:42.881" endtime="20211013 17:00:17.829"/>
</test>
<test id="s1-t5" name="TC005 Search With Input Keyword and Sort by Rating">
<kw name="Start Testing" library="CommonKeywords" type="SETUP">
<arg>${URL}</arg>
<kw name="Open Web" library="CommonKeywords">
<arg>${URL}</arg>
<kw name="Convert To Lower Case" library="String">
<var>${BROWSER}</var>
<arg>${BROWSER}</arg>
<doc>Converts string to lower case.</doc>
<msg timestamp="20211013 17:00:17.831" level="INFO">${BROWSER} = chrome</msg>
<status status="PASS" starttime="20211013 17:00:17.831" endtime="20211013 17:00:17.831"/>
</kw>
<kw name="Open Normal Browser" library="Browser">
<arg>${URL}</arg>
<kw name="Open Browser" library="SeleniumLibrary">
<arg>${URL_BLANK}</arg>
<arg>${BROWSER}</arg>
<doc>Opens a new browser instance to the optional ``url``.</doc>
<msg timestamp="20211013 17:00:17.832" level="INFO">Opening browser 'chrome' to base url 'about:blank'.</msg>
<status status="PASS" starttime="20211013 17:00:17.832" endtime="20211013 17:00:21.605"/>
</kw>
<kw name="Maximize Browser Window" library="SeleniumLibrary">
<doc>Maximizes current browser window.</doc>
<status status="PASS" starttime="20211013 17:00:21.606" endtime="20211013 17:00:21.963"/>
</kw>
<kw name="Go To" library="SeleniumLibrary">
<arg>${URL}</arg>
<doc>Navigates the current browser window to the provided ``url``.</doc>
<msg timestamp="20211013 17:00:21.965" level="INFO">Opening url 'https://skillacademy.com/'</msg>
<status status="PASS" starttime="20211013 17:00:21.963" endtime="20211013 17:00:36.953"/>
</kw>
<status status="PASS" starttime="20211013 17:00:17.831" endtime="20211013 17:00:36.953"/>
</kw>
<status status="PASS" starttime="20211013 17:00:17.831" endtime="20211013 17:00:36.953"/>
</kw>
<kw name="Set Selenium Timeout" library="SeleniumLibrary">
<arg>${DEFAULT_TIMEOUT}</arg>
<doc>Sets the timeout that is used by various keywords.</doc>
<status status="PASS" starttime="20211013 17:00:36.953" endtime="20211013 17:00:37.160"/>
</kw>
<kw name="Set Selenium Speed" library="SeleniumLibrary">
<arg>${DELAY}</arg>
<doc>Sets the delay that is waited after each Selenium command.</doc>
<status status="PASS" starttime="20211013 17:00:37.160" endtime="20211013 17:00:37.160"/>
</kw>
<status status="PASS" starttime="20211013 17:00:17.830" endtime="20211013 17:00:37.162"/>
</kw>
<kw name="Verify Homepage Opened" library="Homepage">
<kw name="Wait Until Element Is Visible" library="SeleniumLibrary">
<arg>${field_img_logo_skill_academy_homepage}</arg>
<doc>Waits until the element ``locator`` is visible.</doc>
<status status="PASS" starttime="20211013 17:00:37.162" endtime="20211013 17:00:38.194"/>
</kw>
<kw name="Element Should Be Visible" library="SeleniumLibrary">
<arg>${field_img_logo_skill_academy_homepage}</arg>
<doc>Verifies that the element identified by ``locator`` is visible.</doc>
<msg timestamp="20211013 17:00:38.638" level="INFO">Element 'css=img[alt='Skill Academy Logo']' is displayed.</msg>
<status status="PASS" starttime="20211013 17:00:38.194" endtime="20211013 17:00:38.638"/>
</kw>
<kw name="Wait Until Element Is Visible" library="SeleniumLibrary">
<arg>${button_menu_for_enterprise_homepage}</arg>
<doc>Waits until the element ``locator`` is visible.</doc>
<status status="PASS" starttime="20211013 17:00:38.639" endtime="20211013 17:00:39.156"/>
</kw>
<kw name="Element Should Be Visible" library="SeleniumLibrary">
<arg>${button_menu_for_enterprise_homepage}</arg>
<doc>Verifies that the element identified by ``locator`` is visible.</doc>
<msg timestamp="20211013 17:00:39.608" level="INFO">Element 'xpath=//a[@data-testid='header-enterprise-skillacademy-button']/p' is displayed.</msg>
<status status="PASS" starttime="20211013 17:00:39.157" endtime="20211013 17:00:39.609"/>
</kw>
<kw name="Wait Until Element Is Visible" library="SeleniumLibrary">
<arg>${button_menu_kelas_pekerja_homepage}</arg>
<doc>Waits until the element ``locator`` is visible.</doc>
<status status="PASS" starttime="20211013 17:00:39.610" endtime="20211013 17:00:40.069"/>
</kw>
<kw name="Element Should Be Visible" library="SeleniumLibrary">
<arg>${button_menu_kelas_pekerja_homepage}</arg>
<doc>Verifies that the element identified by ``locator`` is visible.</doc>
<msg timestamp="20211013 17:00:40.508" level="INFO">Element 'xpath=//a[@href='/prakerja']/p' is displayed.</msg>
<status status="PASS" starttime="20211013 17:00:40.070" endtime="20211013 17:00:40.508"/>
</kw>
<kw name="Wait Until Element Is Visible" library="SeleniumLibrary">
<arg>${button_menu_dropdown_kategori_homepage}</arg>
<doc>Waits until the element ``locator`` is visible.</doc>
<status status="PASS" starttime="20211013 17:00:40.509" endtime="20211013 17:00:40.970"/>
</kw>
<kw name="Element Should Be Visible" library="SeleniumLibrary">
<arg>${button_menu_dropdown_kategori_homepage}</arg>
<doc>Verifies that the element identified by ``locator`` is visible.</doc>
<msg timestamp="20211013 17:00:41.417" level="INFO">Element 'xpath=//div[@data-testid='dropdown-category']/p' is displayed.</msg>
<status status="PASS" starttime="20211013 17:00:40.970" endtime="20211013 17:00:41.418"/>
</kw>
<kw name="Wait Until Element Is Visible" library="SeleniumLibrary">
<arg>${button_menu_tambah_uang_saku_homepage}</arg>
<doc>Waits until the element ``locator`` is visible.</doc>
<status status="PASS" starttime="20211013 17:00:41.419" endtime="20211013 17:00:41.857"/>
</kw>
<kw name="Element Should Be Visible" library="SeleniumLibrary">
<arg>${button_menu_tambah_uang_saku_homepage}</arg>
<doc>Verifies that the element identified by ``locator`` is visible.</doc>
<msg timestamp="20211013 17:00:42.307" level="INFO">Element 'xpath=//a[@href='/referral/detail?scrollTo=&amp;activeTab=']/p' is displayed.</msg>
<status status="PASS" starttime="20211013 17:00:41.857" endtime="20211013 17:00:42.308"/>
</kw>
<kw name="Wait Until Element Is Visible" library="SeleniumLibrary">
<arg>${field_input_search_homepage}</arg>
<doc>Waits until the element ``locator`` is visible.</doc>
<status status="PASS" starttime="20211013 17:00:42.309" endtime="20211013 17:00:42.770"/>
</kw>
<kw name="Element Should Be Visible" library="SeleniumLibrary">
<arg>${field_input_search_homepage}</arg>
<doc>Verifies that the element identified by ``locator`` is visible.</doc>
<msg timestamp="20211013 17:00:43.206" level="INFO">Element 'xpath=//input[@data-testid='search-input-field']' is displayed.</msg>
<status status="PASS" starttime="20211013 17:00:42.771" endtime="20211013 17:00:43.206"/>
</kw>
<kw name="Wait Until Element Is Visible" library="SeleniumLibrary">
<arg>${field_img_banner_home_homepage}</arg>
<doc>Waits until the element ``locator`` is visible.</doc>
<status status="PASS" starttime="20211013 17:00:43.206" endtime="20211013 17:00:43.672"/>
</kw>
<kw name="Element Should Be Visible" library="SeleniumLibrary">
<arg>${field_img_banner_home_homepage}</arg>
<doc>Verifies that the element identified by ``locator`` is visible.</doc>
<msg timestamp="20211013 17:00:44.166" level="INFO">Element 'css=img[alt='Home Banner Large']' is displayed.</msg>
<status status="PASS" starttime="20211013 17:00:43.673" endtime="20211013 17:00:44.167"/>
</kw>
<status status="PASS" starttime="20211013 17:00:37.162" endtime="20211013 17:00:44.168"/>
</kw>
<kw name="Input 'keyword' in field search" library="Homepage">
<arg>Matematika</arg>
<kw name="Wait Until Element Is Visible" library="SeleniumLibrary">
<arg>${field_input_search_homepage}</arg>
<doc>Waits until the element ``locator`` is visible.</doc>
<status status="PASS" starttime="20211013 17:00:44.171" endtime="20211013 17:00:44.625"/>
</kw>
<kw name="Input Text" library="SeleniumLibrary">
<arg>${field_input_search_homepage}</arg>
<arg>${TEXT_KEYWORD_SEARCH}</arg>
<doc>Types the given ``text`` into the text field identified by ``locator``.</doc>
<msg timestamp="20211013 17:00:44.629" level="INFO">Typing text 'Matematika' into text field 'xpath=//input[@data-testid='search-input-field']'.</msg>
<status status="PASS" starttime="20211013 17:00:44.626" endtime="20211013 17:00:45.969"/>
</kw>
<status status="PASS" starttime="20211013 17:00:44.169" endtime="20211013 17:00:45.969"/>
</kw>
<kw name="Click search icon" library="Homepage">
<kw name="Wait Until Element Is Visible" library="SeleniumLibrary">
<arg>${field_img_icon_search_homepage}</arg>
<doc>Waits until the element ``locator`` is visible.</doc>
<status status="PASS" starttime="20211013 17:00:45.970" endtime="20211013 17:00:46.423"/>
</kw>
<kw name="Click Element" library="SeleniumLibrary">
<arg>${field_img_icon_search_homepage}</arg>
<doc>Click the element identified by ``locator``.</doc>
<msg timestamp="20211013 17:00:46.426" level="INFO">Clicking element 'xpath=//div[@data-testid='search-icon']'.</msg>
<status status="PASS" starttime="20211013 17:00:46.424" endtime="20211013 17:00:48.573"/>
</kw>
<status status="PASS" starttime="20211013 17:00:45.969" endtime="20211013 17:00:48.573"/>
</kw>
<kw name="Validate search result" library="Searchpage">
<kw name="Wait Until Element Is Visible" library="SeleniumLibrary">
<arg>${text_total_result_search_page}</arg>
<doc>Waits until the element ``locator`` is visible.</doc>
<status status="PASS" starttime="20211013 17:00:48.574" endtime="20211013 17:00:49.854"/>
</kw>
<kw name="Element Should Be Visible" library="SeleniumLibrary">
<arg>${text_total_result_search_page}</arg>
<doc>Verifies that the element identified by ``locator`` is visible.</doc>
<msg timestamp="20211013 17:00:50.294" level="INFO">Element 'css=[data-testid='total-result']' is displayed.</msg>
<status status="PASS" starttime="20211013 17:00:49.855" endtime="20211013 17:00:50.295"/>
</kw>
<kw name="Wait Until Element Is Visible" library="SeleniumLibrary">
<arg>${field_filter_by_harga_search_page}</arg>
<doc>Waits until the element ``locator`` is visible.</doc>
<status status="PASS" starttime="20211013 17:00:50.296" endtime="20211013 17:00:50.785"/>
</kw>
<kw name="Element Should Be Visible" library="SeleniumLibrary">
<arg>${field_filter_by_harga_search_page}</arg>
<doc>Verifies that the element identified by ``locator`` is visible.</doc>
<msg timestamp="20211013 17:00:51.227" level="INFO">Element 'xpath=(//div[@data-testid='dropdown-container']//div[.='Harga'])[1]' is displayed.</msg>
<status status="PASS" starttime="20211013 17:00:50.786" endtime="20211013 17:00:51.228"/>
</kw>
<kw name="Wait Until Element Is Visible" library="SeleniumLibrary">
<arg>${field_filter_by_durasi_search_page}</arg>
<doc>Waits until the element ``locator`` is visible.</doc>
<status status="PASS" starttime="20211013 17:00:51.229" endtime="20211013 17:00:51.685"/>
</kw>
<kw name="Element Should Be Visible" library="SeleniumLibrary">
<arg>${field_filter_by_durasi_search_page}</arg>
<doc>Verifies that the element identified by ``locator`` is visible.</doc>
<msg timestamp="20211013 17:00:52.124" level="INFO">Element 'xpath=(//div[@data-testid='dropdown-container']//div[.='Durasi'])[1]' is displayed.</msg>
<status status="PASS" starttime="20211013 17:00:51.686" endtime="20211013 17:00:52.125"/>
</kw>
<kw name="Wait Until Element Is Visible" library="SeleniumLibrary">
<arg>${field_sort_by_search_page}</arg>
<doc>Waits until the element ``locator`` is visible.</doc>
<status status="PASS" starttime="20211013 17:00:52.126" endtime="20211013 17:00:52.576"/>
</kw>
<kw name="Element Should Be Visible" library="SeleniumLibrary">
<arg>${field_sort_by_search_page}</arg>
<doc>Verifies that the element identified by ``locator`` is visible.</doc>
<msg timestamp="20211013 17:00:53.016" level="INFO">Element 'xpath=(//div[@data-testid='dropdown-container']//div[.='Pilih'])[1]' is displayed.</msg>
<status status="PASS" starttime="20211013 17:00:52.577" endtime="20211013 17:00:53.016"/>
</kw>
<status status="PASS" starttime="20211013 17:00:48.574" endtime="20211013 17:00:53.016"/>
</kw>
<kw name="Sort by rating" library="Searchpage">
<kw name="Wait Until Element Is Visible" library="SeleniumLibrary">
<arg>${field_sort_by_search_page}</arg>
<doc>Waits until the element ``locator`` is visible.</doc>
<status status="PASS" starttime="20211013 17:00:53.017" endtime="20211013 17:00:53.454"/>
</kw>
<kw name="Click Element" library="SeleniumLibrary">
<arg>${field_sort_by_search_page}</arg>
<doc>Click the element identified by ``locator``.</doc>
<msg timestamp="20211013 17:00:53.457" level="INFO">Clicking element 'xpath=(//div[@data-testid='dropdown-container']//div[.='Pilih'])[1]'.</msg>
<status status="PASS" starttime="20211013 17:00:53.455" endtime="20211013 17:00:54.539"/>
</kw>
<kw name="Wait Until Element Is Visible" library="SeleniumLibrary">
<arg>${sort_by_rating_search_page}</arg>
<doc>Waits until the element ``locator`` is visible.</doc>
<status status="PASS" starttime="20211013 17:00:54.539" endtime="20211013 17:00:55.013"/>
</kw>
<kw name="Click Element" library="SeleniumLibrary">
<arg>${sort_by_rating_search_page}</arg>
<doc>Click the element identified by ``locator``.</doc>
<msg timestamp="20211013 17:00:55.016" level="INFO">Clicking element 'xpath=//*[.='Rating Tertinggi']'.</msg>
<status status="PASS" starttime="20211013 17:00:55.014" endtime="20211013 17:00:55.780"/>
</kw>
<status status="PASS" starttime="20211013 17:00:53.017" endtime="20211013 17:00:55.781"/>
</kw>
<kw name="Verify Sort Rating Tertinggi" library="Searchpage">
<kw name="Wait Until Element Is Visible" library="SeleniumLibrary">
<arg>${text_result_rating_search_page}</arg>
<doc>Waits until the element ``locator`` is visible.</doc>
<status status="PASS" starttime="20211013 17:00:55.781" endtime="20211013 17:00:56.656"/>
</kw>
<kw name="Set Variable" library="BuiltIn">
<var>${INDEX}</var>
<arg>1</arg>
<doc>Returns the given values which can then be assigned to a variables.</doc>
<msg timestamp="20211013 17:00:56.658" level="INFO">${INDEX} = 1</msg>
<status status="PASS" starttime="20211013 17:00:56.657" endtime="20211013 17:00:56.658"/>
</kw>
<kw name="Set Variable" library="BuiltIn">
<var>${INDEX_2}</var>
<arg>2</arg>
<doc>Returns the given values which can then be assigned to a variables.</doc>
<msg timestamp="20211013 17:00:56.661" level="INFO">${INDEX_2} = 2</msg>
<status status="PASS" starttime="20211013 17:00:56.659" endtime="20211013 17:00:56.661"/>
</kw>
<kw name="Get Element Count" library="SeleniumLibrary">
<var>${COUNT_ELEMENTS}</var>
<arg>${text_result_rating_search_page}</arg>
<doc>Returns the number of elements matching ``locator``.</doc>
<msg timestamp="20211013 17:00:56.878" level="INFO">${COUNT_ELEMENTS} = 5</msg>
<status status="PASS" starttime="20211013 17:00:56.662" endtime="20211013 17:00:56.878"/>
</kw>
<for flavor="IN RANGE">
<var>${ELEMENT}</var>
<value>${COUNT_ELEMENTS}-1</value>
<iter>
<var name="${ELEMENT}">0</var>
<kw name="Log" library="BuiltIn">
<arg>${ELEMENT}</arg>
<doc>Logs the given message with the given level.</doc>
<msg timestamp="20211013 17:00:56.882" level="INFO">0</msg>
<status status="PASS" starttime="20211013 17:00:56.881" endtime="20211013 17:00:56.882"/>
</kw>
<kw name="Catenate" library="BuiltIn">
<var>${ELEMENT_INDEX_1}</var>
<arg>(${text_result_rating_search_page})[${INDEX}]</arg>
<doc>Catenates the given items together and returns the resulted string.</doc>
<msg timestamp="20211013 17:00:56.884" level="INFO">${ELEMENT_INDEX_1} = (//span[@data-testid='rating-text'])[1]</msg>
<status status="PASS" starttime="20211013 17:00:56.883" endtime="20211013 17:00:56.884"/>
</kw>
<kw name="Get Text" library="SeleniumLibrary">
<var>${TEXT_RATING_1}</var>
<arg>${ELEMENT_INDEX_1}</arg>
<doc>Returns the text value of the element identified by ``locator``.</doc>
<msg timestamp="20211013 17:00:57.343" level="INFO">${TEXT_RATING_1} = 4.9</msg>
<status status="PASS" starttime="20211013 17:00:56.884" endtime="20211013 17:00:57.344"/>
</kw>
<kw name="Catenate" library="BuiltIn">
<var>${ELEMENT_INDEX_2}</var>
<arg>(${text_result_rating_search_page})[${INDEX_2}]</arg>
<doc>Catenates the given items together and returns the resulted string.</doc>
<msg timestamp="20211013 17:00:57.347" level="INFO">${ELEMENT_INDEX_2} = (//span[@data-testid='rating-text'])[2]</msg>
<status status="PASS" starttime="20211013 17:00:57.345" endtime="20211013 17:00:57.347"/>
</kw>
<kw name="Get Text" library="SeleniumLibrary">
<var>${TEXT_RATING_2}</var>
<arg>${ELEMENT_INDEX_2}</arg>
<doc>Returns the text value of the element identified by ``locator``.</doc>
<msg timestamp="20211013 17:00:57.802" level="INFO">${TEXT_RATING_2} = 4.9</msg>
<status status="PASS" starttime="20211013 17:00:57.347" endtime="20211013 17:00:57.803"/>
</kw>
<if>
<branch type="IF" condition="${TEXT_RATING_1} &lt; ${TEXT_RATING_2}">
<kw name="Fail" library="BuiltIn">
<arg>Sort Failed</arg>
<doc>Fails the test with the given message and optionally alters its tags.</doc>
<status status="NOT RUN" starttime="20211013 17:00:57.805" endtime="20211013 17:00:57.805"/>
</kw>
<status status="NOT RUN" starttime="20211013 17:00:57.804" endtime="20211013 17:00:57.805"/>
</branch>
<status status="PASS" starttime="20211013 17:00:57.803" endtime="20211013 17:00:57.805"/>
</if>
<kw name="Evaluate" library="BuiltIn">
<var>${INDEX}</var>
<arg>${INDEX} + 1</arg>
<doc>Evaluates the given expression in Python and returns the result.</doc>
<msg timestamp="20211013 17:00:57.807" level="INFO">${INDEX} = 2</msg>
<status status="PASS" starttime="20211013 17:00:57.806" endtime="20211013 17:00:57.807"/>
</kw>
<kw name="Evaluate" library="BuiltIn">
<var>${INDEX_2}</var>
<arg>${INDEX_2} + 1</arg>
<doc>Evaluates the given expression in Python and returns the result.</doc>
<msg timestamp="20211013 17:00:57.808" level="INFO">${INDEX_2} = 3</msg>
<status status="PASS" starttime="20211013 17:00:57.807" endtime="20211013 17:00:57.808"/>
</kw>
<status status="PASS" starttime="20211013 17:00:56.880" endtime="20211013 17:00:57.808"/>
</iter>
<iter>
<var name="${ELEMENT}">1</var>
<kw name="Log" library="BuiltIn">
<arg>${ELEMENT}</arg>
<doc>Logs the given message with the given level.</doc>
<msg timestamp="20211013 17:00:57.809" level="INFO">1</msg>
<status status="PASS" starttime="20211013 17:00:57.808" endtime="20211013 17:00:57.809"/>
</kw>
<kw name="Catenate" library="BuiltIn">
<var>${ELEMENT_INDEX_1}</var>
<arg>(${text_result_rating_search_page})[${INDEX}]</arg>
<doc>Catenates the given items together and returns the resulted string.</doc>
<msg timestamp="20211013 17:00:57.811" level="INFO">${ELEMENT_INDEX_1} = (//span[@data-testid='rating-text'])[2]</msg>
<status status="PASS" starttime="20211013 17:00:57.809" endtime="20211013 17:00:57.812"/>
</kw>
<kw name="Get Text" library="SeleniumLibrary">
<var>${TEXT_RATING_1}</var>
<arg>${ELEMENT_INDEX_1}</arg>
<doc>Returns the text value of the element identified by ``locator``.</doc>
<msg timestamp="20211013 17:00:58.254" level="INFO">${TEXT_RATING_1} = 4.9</msg>
<status status="PASS" starttime="20211013 17:00:57.813" endtime="20211013 17:00:58.255"/>
</kw>
<kw name="Catenate" library="BuiltIn">
<var>${ELEMENT_INDEX_2}</var>
<arg>(${text_result_rating_search_page})[${INDEX_2}]</arg>
<doc>Catenates the given items together and returns the resulted string.</doc>
<msg timestamp="20211013 17:00:58.257" level="INFO">${ELEMENT_INDEX_2} = (//span[@data-testid='rating-text'])[3]</msg>
<status status="PASS" starttime="20211013 17:00:58.255" endtime="20211013 17:00:58.257"/>
</kw>
<kw name="Get Text" library="SeleniumLibrary">
<var>${TEXT_RATING_2}</var>
<arg>${ELEMENT_INDEX_2}</arg>
<doc>Returns the text value of the element identified by ``locator``.</doc>
<msg timestamp="20211013 17:00:58.716" level="INFO">${TEXT_RATING_2} = 4.9</msg>
<status status="PASS" starttime="20211013 17:00:58.258" endtime="20211013 17:00:58.716"/>
</kw>
<if>
<branch type="IF" condition="${TEXT_RATING_1} &lt; ${TEXT_RATING_2}">
<kw name="Fail" library="BuiltIn">
<arg>Sort Failed</arg>
<doc>Fails the test with the given message and optionally alters its tags.</doc>
<status status="NOT RUN" starttime="20211013 17:00:58.718" endtime="20211013 17:00:58.718"/>
</kw>
<status status="NOT RUN" starttime="20211013 17:00:58.717" endtime="20211013 17:00:58.718"/>
</branch>
<status status="PASS" starttime="20211013 17:00:58.716" endtime="20211013 17:00:58.719"/>
</if>
<kw name="Evaluate" library="BuiltIn">
<var>${INDEX}</var>
<arg>${INDEX} + 1</arg>
<doc>Evaluates the given expression in Python and returns the result.</doc>
<msg timestamp="20211013 17:00:58.721" level="INFO">${INDEX} = 3</msg>
<status status="PASS" starttime="20211013 17:00:58.719" endtime="20211013 17:00:58.721"/>
</kw>
<kw name="Evaluate" library="BuiltIn">
<var>${INDEX_2}</var>
<arg>${INDEX_2} + 1</arg>
<doc>Evaluates the given expression in Python and returns the result.</doc>
<msg timestamp="20211013 17:00:58.722" level="INFO">${INDEX_2} = 4</msg>
<status status="PASS" starttime="20211013 17:00:58.721" endtime="20211013 17:00:58.722"/>
</kw>
<status status="PASS" starttime="20211013 17:00:57.808" endtime="20211013 17:00:58.723"/>
</iter>
<iter>
<var name="${ELEMENT}">2</var>
<kw name="Log" library="BuiltIn">
<arg>${ELEMENT}</arg>
<doc>Logs the given message with the given level.</doc>
<msg timestamp="20211013 17:00:58.724" level="INFO">2</msg>
<status status="PASS" starttime="20211013 17:00:58.723" endtime="20211013 17:00:58.725"/>
</kw>
<kw name="Catenate" library="BuiltIn">
<var>${ELEMENT_INDEX_1}</var>
<arg>(${text_result_rating_search_page})[${INDEX}]</arg>
<doc>Catenates the given items together and returns the resulted string.</doc>
<msg timestamp="20211013 17:00:58.726" level="INFO">${ELEMENT_INDEX_1} = (//span[@data-testid='rating-text'])[3]</msg>
<status status="PASS" starttime="20211013 17:00:58.725" endtime="20211013 17:00:58.726"/>
</kw>
<kw name="Get Text" library="SeleniumLibrary">
<var>${TEXT_RATING_1}</var>
<arg>${ELEMENT_INDEX_1}</arg>
<doc>Returns the text value of the element identified by ``locator``.</doc>
<msg timestamp="20211013 17:00:59.164" level="INFO">${TEXT_RATING_1} = 4.9</msg>
<status status="PASS" starttime="20211013 17:00:58.726" endtime="20211013 17:00:59.164"/>
</kw>
<kw name="Catenate" library="BuiltIn">
<var>${ELEMENT_INDEX_2}</var>
<arg>(${text_result_rating_search_page})[${INDEX_2}]</arg>
<doc>Catenates the given items together and returns the resulted string.</doc>
<msg timestamp="20211013 17:00:59.167" level="INFO">${ELEMENT_INDEX_2} = (//span[@data-testid='rating-text'])[4]</msg>
<status status="PASS" starttime="20211013 17:00:59.165" endtime="20211013 17:00:59.167"/>
</kw>
<kw name="Get Text" library="SeleniumLibrary">
<var>${TEXT_RATING_2}</var>
<arg>${ELEMENT_INDEX_2}</arg>
<doc>Returns the text value of the element identified by ``locator``.</doc>
<msg timestamp="20211013 17:00:59.626" level="INFO">${TEXT_RATING_2} = 4.6</msg>
<status status="PASS" starttime="20211013 17:00:59.167" endtime="20211013 17:00:59.626"/>
</kw>
<if>
<branch type="IF" condition="${TEXT_RATING_1} &lt; ${TEXT_RATING_2}">
<kw name="Fail" library="BuiltIn">
<arg>Sort Failed</arg>
<doc>Fails the test with the given message and optionally alters its tags.</doc>
<status status="NOT RUN" starttime="20211013 17:00:59.628" endtime="20211013 17:00:59.629"/>
</kw>
<status status="NOT RUN" starttime="20211013 17:00:59.628" endtime="20211013 17:00:59.629"/>
</branch>
<status status="PASS" starttime="20211013 17:00:59.627" endtime="20211013 17:00:59.629"/>
</if>
<kw name="Evaluate" library="BuiltIn">
<var>${INDEX}</var>
<arg>${INDEX} + 1</arg>
<doc>Evaluates the given expression in Python and returns the result.</doc>
<msg timestamp="20211013 17:00:59.631" level="INFO">${INDEX} = 4</msg>
<status status="PASS" starttime="20211013 17:00:59.629" endtime="20211013 17:00:59.631"/>
</kw>
<kw name="Evaluate" library="BuiltIn">
<var>${INDEX_2}</var>
<arg>${INDEX_2} + 1</arg>
<doc>Evaluates the given expression in Python and returns the result.</doc>
<msg timestamp="20211013 17:00:59.633" level="INFO">${INDEX_2} = 5</msg>
<status status="PASS" starttime="20211013 17:00:59.632" endtime="20211013 17:00:59.633"/>
</kw>
<status status="PASS" starttime="20211013 17:00:58.723" endtime="20211013 17:00:59.633"/>
</iter>
<iter>
<var name="${ELEMENT}">3</var>
<kw name="Log" library="BuiltIn">
<arg>${ELEMENT}</arg>
<doc>Logs the given message with the given level.</doc>
<msg timestamp="20211013 17:00:59.635" level="INFO">3</msg>
<status status="PASS" starttime="20211013 17:00:59.634" endtime="20211013 17:00:59.636"/>
</kw>
<kw name="Catenate" library="BuiltIn">
<var>${ELEMENT_INDEX_1}</var>
<arg>(${text_result_rating_search_page})[${INDEX}]</arg>
<doc>Catenates the given items together and returns the resulted string.</doc>
<msg timestamp="20211013 17:00:59.636" level="INFO">${ELEMENT_INDEX_1} = (//span[@data-testid='rating-text'])[4]</msg>
<status status="PASS" starttime="20211013 17:00:59.636" endtime="20211013 17:00:59.637"/>
</kw>
<kw name="Get Text" library="SeleniumLibrary">
<var>${TEXT_RATING_1}</var>
<arg>${ELEMENT_INDEX_1}</arg>
<doc>Returns the text value of the element identified by ``locator``.</doc>
[...]
<msg timestamp="20211013 17:03:55.631" level="INFO">${INDEX_2} = 13</msg>
<status status="PASS" starttime="20211013 17:03:55.630" endtime="20211013 17:03:55.631"/>
</kw>
<status status="PASS" starttime="20211013 17:03:54.286" endtime="20211013 17:03:55.631"/>
</iter>
<iter>
<var name="${ELEMENT}">11</var>
<kw name="Log" library="BuiltIn">
<arg>${ELEMENT}</arg>
<doc>Logs the given message with the given level.</doc>
<msg timestamp="20211013 17:03:55.632" level="INFO">11</msg>
<status status="PASS" starttime="20211013 17:03:55.631" endtime="20211013 17:03:55.632"/>
</kw>
<kw name="Catenate" library="BuiltIn">
<var>${ELEMENT_INDEX_1}</var>
<arg>(${text_result_price_search_page})[${INDEX}]</arg>
<doc>Catenates the given items together and returns the resulted string.</doc>
<msg timestamp="20211013 17:03:55.632" level="INFO">${ELEMENT_INDEX_1} = (//p[@data-testid='price-final'])[12]</msg>
<status status="PASS" starttime="20211013 17:03:55.632" endtime="20211013 17:03:55.632"/>
</kw>
<kw name="Get Text" library="SeleniumLibrary">
<var>${TEXT_1}</var>
<arg>${ELEMENT_INDEX_1}</arg>
<doc>Returns the text value of the element identified by ``locator``.</doc>
<msg timestamp="20211013 17:03:56.068" level="INFO">${TEXT_1} = Rp 1.425.000</msg>
<status status="PASS" starttime="20211013 17:03:55.632" endtime="20211013 17:03:56.068"/>
</kw>
<kw name="Remove String" library="String">
<var>${TEXT_1}</var>
<arg>${TEXT_1}</arg>
<arg>Rp</arg>
<arg>.</arg>
<arg>,</arg>
<arg>${SPACE}</arg>
<doc>Removes all ``removables`` from the given ``string``.</doc>
<msg timestamp="20211013 17:03:56.071" level="INFO">${TEXT_1} = 1425000</msg>
<status status="PASS" starttime="20211013 17:03:56.069" endtime="20211013 17:03:56.071"/>
</kw>
<kw name="Convert To Number" library="BuiltIn">
<var>${TEXT_1}</var>
<arg>${TEXT_1}</arg>
<doc>Converts the given item to a floating point number.</doc>
<msg timestamp="20211013 17:03:56.072" level="INFO">${TEXT_1} = 1425000.0</msg>
<status status="PASS" starttime="20211013 17:03:56.071" endtime="20211013 17:03:56.072"/>
</kw>
<kw name="Catenate" library="BuiltIn">
<var>${ELEMENT_INDEX_2}</var>
<arg>(${text_result_price_search_page})[${INDEX_2}]</arg>
<doc>Catenates the given items together and returns the resulted string.</doc>
<msg timestamp="20211013 17:03:56.075" level="INFO">${ELEMENT_INDEX_2} = (//p[@data-testid='price-final'])[13]</msg>
<status status="PASS" starttime="20211013 17:03:56.073" endtime="20211013 17:03:56.075"/>
</kw>
<kw name="Get Text" library="SeleniumLibrary">
<var>${TEXT_2}</var>
<arg>${ELEMENT_INDEX_2}</arg>
<doc>Returns the text value of the element identified by ``locator``.</doc>
<msg timestamp="20211013 17:03:56.672" level="INFO">${TEXT_2} = Rp 1.425.000</msg>
<status status="PASS" starttime="20211013 17:03:56.075" endtime="20211013 17:03:56.672"/>
</kw>
<kw name="Get Text" library="SeleniumLibrary">
<var>${TEXT_2}</var>
<arg>${ELEMENT_INDEX_1}</arg>
<doc>Returns the text value of the element identified by ``locator``.</doc>
<msg timestamp="20211013 17:03:57.097" level="INFO">${TEXT_2} = Rp 1.425.000</msg>
<status status="PASS" starttime="20211013 17:03:56.672" endtime="20211013 17:03:57.097"/>
</kw>
<kw name="Remove String" library="String">
<var>${TEXT_2}</var>
<arg>${TEXT_2}</arg>
<arg>Rp</arg>
<arg>.</arg>
<arg>,</arg>
<arg>${SPACE}</arg>
<doc>Removes all ``removables`` from the given ``string``.</doc>
<msg timestamp="20211013 17:03:57.098" level="INFO">${TEXT_2} = 1425000</msg>
<status status="PASS" starttime="20211013 17:03:57.097" endtime="20211013 17:03:57.098"/>
</kw>
<kw name="Convert To Number" library="BuiltIn">
<var>${TEXT_2}</var>
<arg>${TEXT_2}</arg>
<doc>Converts the given item to a floating point number.</doc>
<msg timestamp="20211013 17:03:57.098" level="INFO">${TEXT_2} = 1425000.0</msg>
<status status="PASS" starttime="20211013 17:03:57.098" endtime="20211013 17:03:57.098"/>
</kw>
<kw name="Should Be True" library="BuiltIn">
<arg>${TEXT_1} &gt;= ${TEXT_2}</arg>
<doc>Fails if the given condition is not true.</doc>
<status status="PASS" starttime="20211013 17:03:57.099" endtime="20211013 17:03:57.099"/>
</kw>
<kw name="Evaluate" library="BuiltIn">
<var>${INDEX}</var>
<arg>${INDEX} + 1</arg>
<doc>Evaluates the given expression in Python and returns the result.</doc>
<msg timestamp="20211013 17:03:57.100" level="INFO">${INDEX} = 13</msg>
<status status="PASS" starttime="20211013 17:03:57.099" endtime="20211013 17:03:57.100"/>
</kw>
<kw name="Evaluate" library="BuiltIn">
<var>${INDEX_2}</var>
<arg>${INDEX_2} + 1</arg>
<doc>Evaluates the given expression in Python and returns the result.</doc>
<msg timestamp="20211013 17:03:57.100" level="INFO">${INDEX_2} = 14</msg>
<status status="PASS" starttime="20211013 17:03:57.100" endtime="20211013 17:03:57.100"/>
</kw>
<status status="PASS" starttime="20211013 17:03:55.631" endtime="20211013 17:03:57.100"/>
</iter>
<iter>
<var name="${ELEMENT}">12</var>
<kw name="Log" library="BuiltIn">
<arg>${ELEMENT}</arg>
<doc>Logs the given message with the given level.</doc>
<msg timestamp="20211013 17:03:57.101" level="INFO">12</msg>
<status status="PASS" starttime="20211013 17:03:57.100" endtime="20211013 17:03:57.101"/>
</kw>
<kw name="Catenate" library="BuiltIn">
<var>${ELEMENT_INDEX_1}</var>
<arg>(${text_result_price_search_page})[${INDEX}]</arg>
<doc>Catenates the given items together and returns the resulted string.</doc>
<msg timestamp="20211013 17:03:57.101" level="INFO">${ELEMENT_INDEX_1} = (//p[@data-testid='price-final'])[13]</msg>
<status status="PASS" starttime="20211013 17:03:57.101" endtime="20211013 17:03:57.101"/>
</kw>
<kw name="Get Text" library="SeleniumLibrary">
<var>${TEXT_1}</var>
<arg>${ELEMENT_INDEX_1}</arg>
<doc>Returns the text value of the element identified by ``locator``.</doc>
<msg timestamp="20211013 17:03:57.535" level="INFO">${TEXT_1} = Rp 1.425.000</msg>
<status status="PASS" starttime="20211013 17:03:57.101" endtime="20211013 17:03:57.535"/>
</kw>
<kw name="Remove String" library="String">
<var>${TEXT_1}</var>
<arg>${TEXT_1}</arg>
<arg>Rp</arg>
<arg>.</arg>
<arg>,</arg>
<arg>${SPACE}</arg>
<doc>Removes all ``removables`` from the given ``string``.</doc>
<msg timestamp="20211013 17:03:57.538" level="INFO">${TEXT_1} = 1425000</msg>
<status status="PASS" starttime="20211013 17:03:57.536" endtime="20211013 17:03:57.538"/>
</kw>
<kw name="Convert To Number" library="BuiltIn">
<var>${TEXT_1}</var>
<arg>${TEXT_1}</arg>
<doc>Converts the given item to a floating point number.</doc>
<msg timestamp="20211013 17:03:57.540" level="INFO">${TEXT_1} = 1425000.0</msg>
<status status="PASS" starttime="20211013 17:03:57.539" endtime="20211013 17:03:57.540"/>
</kw>
<kw name="Catenate" library="BuiltIn">
<var>${ELEMENT_INDEX_2}</var>
<arg>(${text_result_price_search_page})[${INDEX_2}]</arg>
<doc>Catenates the given items together and returns the resulted string.</doc>
<msg timestamp="20211013 17:03:57.541" level="INFO">${ELEMENT_INDEX_2} = (//p[@data-testid='price-final'])[14]</msg>
<status status="PASS" starttime="20211013 17:03:57.540" endtime="20211013 17:03:57.541"/>
</kw>
<kw name="Get Text" library="SeleniumLibrary">
<var>${TEXT_2}</var>
<arg>${ELEMENT_INDEX_2}</arg>
<doc>Returns the text value of the element identified by ``locator``.</doc>
<msg timestamp="20211013 17:03:57.995" level="INFO">${TEXT_2} = Rp 1.425.000</msg>
<status status="PASS" starttime="20211013 17:03:57.542" endtime="20211013 17:03:57.995"/>
</kw>
<kw name="Get Text" library="SeleniumLibrary">
<var>${TEXT_2}</var>
<arg>${ELEMENT_INDEX_1}</arg>
<doc>Returns the text value of the element identified by ``locator``.</doc>
<msg timestamp="20211013 17:03:58.438" level="INFO">${TEXT_2} = Rp 1.425.000</msg>
<status status="PASS" starttime="20211013 17:03:57.996" endtime="20211013 17:03:58.438"/>
</kw>
<kw name="Remove String" library="String">
<var>${TEXT_2}</var>
<arg>${TEXT_2}</arg>
<arg>Rp</arg>
<arg>.</arg>
<arg>,</arg>
<arg>${SPACE}</arg>
<doc>Removes all ``removables`` from the given ``string``.</doc>
<msg timestamp="20211013 17:03:58.441" level="INFO">${TEXT_2} = 1425000</msg>
<status status="PASS" starttime="20211013 17:03:58.439" endtime="20211013 17:03:58.441"/>
</kw>
<kw name="Convert To Number" library="BuiltIn">
<var>${TEXT_2}</var>
<arg>${TEXT_2}</arg>
<doc>Converts the given item to a floating point number.</doc>
<msg timestamp="20211013 17:03:58.443" level="INFO">${TEXT_2} = 1425000.0</msg>
<status status="PASS" starttime="20211013 17:03:58.441" endtime="20211013 17:03:58.443"/>
</kw>
<kw name="Should Be True" library="BuiltIn">
<arg>${TEXT_1} &gt;= ${TEXT_2}</arg>
<doc>Fails if the given condition is not true.</doc>
<status status="PASS" starttime="20211013 17:03:58.443" endtime="20211013 17:03:58.444"/>
</kw>
<kw name="Evaluate" library="BuiltIn">
<var>${INDEX}</var>
<arg>${INDEX} + 1</arg>
<doc>Evaluates the given expression in Python and returns the result.</doc>
<msg timestamp="20211013 17:03:58.446" level="INFO">${INDEX} = 14</msg>
<status status="PASS" starttime="20211013 17:03:58.445" endtime="20211013 17:03:58.446"/>
</kw>
<kw name="Evaluate" library="BuiltIn">
<var>${INDEX_2}</var>
<arg>${INDEX_2} + 1</arg>
<doc>Evaluates the given expression in Python and returns the result.</doc>
<msg timestamp="20211013 17:03:58.447" level="INFO">${INDEX_2} = 15</msg>
<status status="PASS" starttime="20211013 17:03:58.446" endtime="20211013 17:03:58.447"/>
</kw>
<status status="PASS" starttime="20211013 17:03:57.100" endtime="20211013 17:03:58.448"/>
</iter>
<iter>
<var name="${ELEMENT}">13</var>
<kw name="Log" library="BuiltIn">
<arg>${ELEMENT}</arg>
<doc>Logs the given message with the given level.</doc>
<msg timestamp="20211013 17:03:58.449" level="INFO">13</msg>
<status status="PASS" starttime="20211013 17:03:58.448" endtime="20211013 17:03:58.449"/>
</kw>
<kw name="Catenate" library="BuiltIn">
<var>${ELEMENT_INDEX_1}</var>
<arg>(${text_result_price_search_page})[${INDEX}]</arg>
<doc>Catenates the given items together and returns the resulted string.</doc>
<msg timestamp="20211013 17:03:58.450" level="INFO">${ELEMENT_INDEX_1} = (//p[@data-testid='price-final'])[14]</msg>
<status status="PASS" starttime="20211013 17:03:58.449" endtime="20211013 17:03:58.450"/>
</kw>
<kw name="Get Text" library="SeleniumLibrary">
<var>${TEXT_1}</var>
<arg>${ELEMENT_INDEX_1}</arg>
<doc>Returns the text value of the element identified by ``locator``.</doc>
<msg timestamp="20211013 17:03:58.889" level="INFO">${TEXT_1} = Rp 1.425.000</msg>
<status status="PASS" starttime="20211013 17:03:58.450" endtime="20211013 17:03:58.889"/>
</kw>
<kw name="Remove String" library="String">
<var>${TEXT_1}</var>
<arg>${TEXT_1}</arg>
<arg>Rp</arg>
<arg>.</arg>
<arg>,</arg>
<arg>${SPACE}</arg>
<doc>Removes all ``removables`` from the given ``string``.</doc>
<msg timestamp="20211013 17:03:58.892" level="INFO">${TEXT_1} = 1425000</msg>
<status status="PASS" starttime="20211013 17:03:58.890" endtime="20211013 17:03:58.892"/>
</kw>
<kw name="Convert To Number" library="BuiltIn">
<var>${TEXT_1}</var>
<arg>${TEXT_1}</arg>
<doc>Converts the given item to a floating point number.</doc>
<msg timestamp="20211013 17:03:58.894" level="INFO">${TEXT_1} = 1425000.0</msg>
<status status="PASS" starttime="20211013 17:03:58.893" endtime="20211013 17:03:58.894"/>
</kw>
<kw name="Catenate" library="BuiltIn">
<var>${ELEMENT_INDEX_2}</var>
<arg>(${text_result_price_search_page})[${INDEX_2}]</arg>
<doc>Catenates the given items together and returns the resulted string.</doc>
<msg timestamp="20211013 17:03:58.895" level="INFO">${ELEMENT_INDEX_2} = (//p[@data-testid='price-final'])[15]</msg>
<status status="PASS" starttime="20211013 17:03:58.895" endtime="20211013 17:03:58.895"/>
</kw>
<kw name="Get Text" library="SeleniumLibrary">
<var>${TEXT_2}</var>
<arg>${ELEMENT_INDEX_2}</arg>
<doc>Returns the text value of the element identified by ``locator``.</doc>
<msg timestamp="20211013 17:03:59.349" level="INFO">${TEXT_2} = Rp 1.425.000</msg>
<status status="PASS" starttime="20211013 17:03:58.896" endtime="20211013 17:03:59.349"/>
</kw>
<kw name="Get Text" library="SeleniumLibrary">
<var>${TEXT_2}</var>
<arg>${ELEMENT_INDEX_1}</arg>
<doc>Returns the text value of the element identified by ``locator``.</doc>
<msg timestamp="20211013 17:03:59.795" level="INFO">${TEXT_2} = Rp 1.425.000</msg>
<status status="PASS" starttime="20211013 17:03:59.350" endtime="20211013 17:03:59.795"/>
</kw>
<kw name="Remove String" library="String">
<var>${TEXT_2}</var>
<arg>${TEXT_2}</arg>
<arg>Rp</arg>
<arg>.</arg>
<arg>,</arg>
<arg>${SPACE}</arg>
<doc>Removes all ``removables`` from the given ``string``.</doc>
<msg timestamp="20211013 17:03:59.795" level="INFO">${TEXT_2} = 1425000</msg>
<status status="PASS" starttime="20211013 17:03:59.795" endtime="20211013 17:03:59.796"/>
</kw>
<kw name="Convert To Number" library="BuiltIn">
<var>${TEXT_2}</var>
<arg>${TEXT_2}</arg>
<doc>Converts the given item to a floating point number.</doc>
<msg timestamp="20211013 17:03:59.796" level="INFO">${TEXT_2} = 1425000.0</msg>
<status status="PASS" starttime="20211013 17:03:59.796" endtime="20211013 17:03:59.796"/>
</kw>
<kw name="Should Be True" library="BuiltIn">
<arg>${TEXT_1} &gt;= ${TEXT_2}</arg>
<doc>Fails if the given condition is not true.</doc>
<status status="PASS" starttime="20211013 17:03:59.796" endtime="20211013 17:03:59.797"/>
</kw>
<kw name="Evaluate" library="BuiltIn">
<var>${INDEX}</var>
<arg>${INDEX} + 1</arg>
<doc>Evaluates the given expression in Python and returns the result.</doc>
<msg timestamp="20211013 17:03:59.797" level="INFO">${INDEX} = 15</msg>
<status status="PASS" starttime="20211013 17:03:59.797" endtime="20211013 17:03:59.797"/>
</kw>
<kw name="Evaluate" library="BuiltIn">
<var>${INDEX_2}</var>
<arg>${INDEX_2} + 1</arg>
<doc>Evaluates the given expression in Python and returns the result.</doc>
<msg timestamp="20211013 17:03:59.797" level="INFO">${INDEX_2} = 16</msg>
<status status="PASS" starttime="20211013 17:03:59.797" endtime="20211013 17:03:59.797"/>
</kw>
<status status="PASS" starttime="20211013 17:03:58.448" endtime="20211013 17:03:59.797"/>
</iter>
<iter>
<var name="${ELEMENT}">14</var>
<kw name="Log" library="BuiltIn">
<arg>${ELEMENT}</arg>
<doc>Logs the given message with the given level.</doc>
<msg timestamp="20211013 17:03:59.798" level="INFO">14</msg>
<status status="PASS" starttime="20211013 17:03:59.798" endtime="20211013 17:03:59.798"/>
</kw>
<kw name="Catenate" library="BuiltIn">
<var>${ELEMENT_INDEX_1}</var>
<arg>(${text_result_price_search_page})[${INDEX}]</arg>
<doc>Catenates the given items together and returns the resulted string.</doc>
<msg timestamp="20211013 17:03:59.798" level="INFO">${ELEMENT_INDEX_1} = (//p[@data-testid='price-final'])[15]</msg>
<status status="PASS" starttime="20211013 17:03:59.798" endtime="20211013 17:03:59.798"/>
</kw>
<kw name="Get Text" library="SeleniumLibrary">
<var>${TEXT_1}</var>
<arg>${ELEMENT_INDEX_1}</arg>
<doc>Returns the text value of the element identified by ``locator``.</doc>
<msg timestamp="20211013 17:04:00.222" level="INFO">${TEXT_1} = Rp 1.425.000</msg>
<status status="PASS" starttime="20211013 17:03:59.798" endtime="20211013 17:04:00.222"/>
</kw>
<kw name="Remove String" library="String">
<var>${TEXT_1}</var>
<arg>${TEXT_1}</arg>
<arg>Rp</arg>
<arg>.</arg>
<arg>,</arg>
<arg>${SPACE}</arg>
<doc>Removes all ``removables`` from the given ``string``.</doc>
<msg timestamp="20211013 17:04:00.223" level="INFO">${TEXT_1} = 1425000</msg>
<status status="PASS" starttime="20211013 17:04:00.222" endtime="20211013 17:04:00.223"/>
</kw>
<kw name="Convert To Number" library="BuiltIn">
<var>${TEXT_1}</var>
<arg>${TEXT_1}</arg>
<doc>Converts the given item to a floating point number.</doc>
<msg timestamp="20211013 17:04:00.223" level="INFO">${TEXT_1} = 1425000.0</msg>
<status status="PASS" starttime="20211013 17:04:00.223" endtime="20211013 17:04:00.223"/>
</kw>
<kw name="Catenate" library="BuiltIn">
<var>${ELEMENT_INDEX_2}</var>
<arg>(${text_result_price_search_page})[${INDEX_2}]</arg>
<doc>Catenates the given items together and returns the resulted string.</doc>
<msg timestamp="20211013 17:04:00.223" level="INFO">${ELEMENT_INDEX_2} = (//p[@data-testid='price-final'])[16]</msg>
<status status="PASS" starttime="20211013 17:04:00.223" endtime="20211013 17:04:00.223"/>
</kw>
<kw name="Get Text" library="SeleniumLibrary">
<var>${TEXT_2}</var>
<arg>${ELEMENT_INDEX_2}</arg>
<doc>Returns the text value of the element identified by ``locator``.</doc>
<msg timestamp="20211013 17:04:00.657" level="INFO">${TEXT_2} = Rp 1.425.000</msg>
<status status="PASS" starttime="20211013 17:04:00.223" endtime="20211013 17:04:00.657"/>
</kw>
<kw name="Get Text" library="SeleniumLibrary">
<var>${TEXT_2}</var>
<arg>${ELEMENT_INDEX_1}</arg>
<doc>Returns the text value of the element identified by ``locator``.</doc>
<msg timestamp="20211013 17:04:01.094" level="INFO">${TEXT_2} = Rp 1.425.000</msg>
<status status="PASS" starttime="20211013 17:04:00.657" endtime="20211013 17:04:01.094"/>
</kw>
<kw name="Remove String" library="String">
<var>${TEXT_2}</var>
<arg>${TEXT_2}</arg>
<arg>Rp</arg>
<arg>.</arg>
<arg>,</arg>
<arg>${SPACE}</arg>
<doc>Removes all ``removables`` from the given ``string``.</doc>
<msg timestamp="20211013 17:04:01.096" level="INFO">${TEXT_2} = 1425000</msg>
<status status="PASS" starttime="20211013 17:04:01.095" endtime="20211013 17:04:01.096"/>
</kw>
<kw name="Convert To Number" library="BuiltIn">
<var>${TEXT_2}</var>
<arg>${TEXT_2}</arg>
<doc>Converts the given item to a floating point number.</doc>
<msg timestamp="20211013 17:04:01.097" level="INFO">${TEXT_2} = 1425000.0</msg>
<status status="PASS" starttime="20211013 17:04:01.096" endtime="20211013 17:04:01.097"/>
</kw>
<kw name="Should Be True" library="BuiltIn">
<arg>${TEXT_1} &gt;= ${TEXT_2}</arg>
<doc>Fails if the given condition is not true.</doc>
<status status="PASS" starttime="20211013 17:04:01.098" endtime="20211013 17:04:01.099"/>
</kw>
<kw name="Evaluate" library="BuiltIn">
<var>${INDEX}</var>
<arg>${INDEX} + 1</arg>
<doc>Evaluates the given expression in Python and returns the result.</doc>
<msg timestamp="20211013 17:04:01.100" level="INFO">${INDEX} = 16</msg>
<status status="PASS" starttime="20211013 17:04:01.099" endtime="20211013 17:04:01.100"/>
</kw>
<kw name="Evaluate" library="BuiltIn">
<var>${INDEX_2}</var>
<arg>${INDEX_2} + 1</arg>
<doc>Evaluates the given expression in Python and returns the result.</doc>
<msg timestamp="20211013 17:04:01.101" level="INFO">${INDEX_2} = 17</msg>
<status status="PASS" starttime="20211013 17:04:01.100" endtime="20211013 17:04:01.101"/>
</kw>
<status status="PASS" starttime="20211013 17:03:59.797" endtime="20211013 17:04:01.101"/>
</iter>
<status status="PASS" starttime="20211013 17:03:40.741" endtime="20211013 17:04:01.101"/>
</for>
<status status="PASS" starttime="20211013 17:03:39.222" endtime="20211013 17:04:01.101"/>
</kw>
<kw name="End Testing" library="CommonKeywords" type="TEARDOWN">
<kw name="Close All Browsers" library="SeleniumLibrary">
<doc>Closes all open browsers and resets the browser cache.</doc>
<status status="PASS" starttime="20211013 17:04:01.103" endtime="20211013 17:04:01.365"/>
</kw>
<status status="PASS" starttime="20211013 17:04:01.102" endtime="20211013 17:04:01.365"/>
</kw>
<doc>Search With Input Keyword and Sort by Most Expensive Price</doc>
<tag>Regression</tag>
<tag>Smoke</tag>
<timeout value="4 minutes"/>
<status status="PASS" starttime="20211013 17:03:01.034" endtime="20211013 17:04:01.365"/>
</test>
<status status="FAIL" starttime="20211013 16:57:53.975" endtime="20211013 17:04:01.366"/>
</suite>
<statistics>
<total>
<stat pass="8" fail="1" skip="0">All Tests</stat>
</total>
<tag>
<stat pass="8" fail="1" skip="0">Regression</stat>
<stat pass="8" fail="1" skip="0">Smoke</stat>
</tag>
<suite>
<stat pass="8" fail="1" skip="0" id="s1" name="SearchSkillAcademy">SearchSkillAcademy</stat>
</suite>
</statistics>
<errors>
</errors>
</robot>
